{"level":"\u001b[32minfo\u001b[39m","message":"{\"method\":\"POST\",\"url\":\"/health\",\"status\":\"404\",\"responseTime\":\"1.791\"}","timestamp":"2025-01-24T18:12:34.501Z"}
{"level":"\u001b[32minfo\u001b[39m","message":"{\"method\":\"GET\",\"url\":\"/health\",\"status\":\"200\",\"responseTime\":\"1.304\"}","timestamp":"2025-01-24T18:12:44.410Z"}
{"level":"\u001b[32minfo\u001b[39m","message":"{\"method\":\"GET\",\"url\":\"/health\",\"status\":\"200\",\"responseTime\":\"3.766\"}","timestamp":"2025-01-27T15:00:50.839Z"}
{"level":"\u001b[32minfo\u001b[39m","message":"{\"method\":\"POST\",\"url\":\"/api/auth/register\",\"status\":\"201\",\"responseTime\":\"330.267\"}","timestamp":"2025-01-27T15:02:33.319Z"}
{"level":"\u001b[32minfo\u001b[39m","message":"{\"method\":\"POST\",\"url\":\"/api/auth/register\",\"status\":\"400\",\"responseTime\":\"162.685\"}","timestamp":"2025-01-27T15:02:35.047Z"}
{"level":"\u001b[32minfo\u001b[39m","message":"{\"method\":\"OPTIONS\",\"url\":\"/api/auth/register\",\"status\":\"200\",\"responseTime\":\"1.732\"}","timestamp":"2025-01-27T16:03:24.348Z"}
{"level":"\u001b[32minfo\u001b[39m","message":"{\"method\":\"OPTIONS\",\"url\":\"/api/auth/register\",\"status\":\"200\",\"responseTime\":\"0.544\"}","timestamp":"2025-01-27T16:03:33.013Z"}
{"level":"\u001b[32minfo\u001b[39m","message":"{\"method\":\"POST\",\"url\":\"/api/auth/register\",\"status\":\"400\",\"responseTime\":\"146.345\"}","timestamp":"2025-01-27T16:05:17.327Z"}
{"level":"\u001b[32minfo\u001b[39m","message":"{\"method\":\"POST\",\"url\":\"/api/auth/register\",\"status\":\"400\",\"responseTime\":\"146.317\"}","timestamp":"2025-01-27T16:11:29.997Z"}
{"level":"\u001b[32minfo\u001b[39m","message":"{\"method\":\"POST\",\"url\":\"/api/auth/register\",\"status\":\"400\",\"responseTime\":\"112.918\"}","timestamp":"2025-01-27T16:12:15.570Z"}
{"level":"\u001b[32minfo\u001b[39m","message":"{\"method\":\"POST\",\"url\":\"/api/auth/register\",\"status\":\"400\",\"responseTime\":\"113.384\"}","timestamp":"2025-01-27T16:13:25.493Z"}
{"level":"\u001b[32minfo\u001b[39m","message":"{\"method\":\"POST\",\"url\":\"/api/auth/register\",\"status\":\"400\",\"responseTime\":\"109.575\"}","timestamp":"2025-01-27T16:14:20.983Z"}
{"level":"\u001b[32minfo\u001b[39m","message":"{\"method\":\"POST\",\"url\":\"/api/auth/register\",\"status\":\"400\",\"responseTime\":\"137.404\"}","timestamp":"2025-01-27T16:15:58.778Z"}
{"level":"\u001b[32minfo\u001b[39m","message":"{\"method\":\"POST\",\"url\":\"/api/auth/register\",\"status\":\"400\",\"responseTime\":\"132.193\"}","timestamp":"2025-01-27T16:17:53.107Z"}
{"level":"\u001b[32minfo\u001b[39m","message":"{\"method\":\"POST\",\"url\":\"/api/auth/register\",\"status\":\"400\",\"responseTime\":\"123.826\"}","timestamp":"2025-01-27T16:18:15.646Z"}
{"level":"\u001b[32minfo\u001b[39m","message":"{\"method\":\"POST\",\"url\":\"/api/auth/register\",\"status\":\"400\",\"responseTime\":\"109.518\"}","timestamp":"2025-01-27T16:18:31.496Z"}
{"level":"\u001b[32minfo\u001b[39m","message":"{\"method\":\"POST\",\"url\":\"/api/auth/register\",\"status\":\"400\",\"responseTime\":\"110.516\"}","timestamp":"2025-01-27T16:19:05.791Z"}
{"level":"\u001b[32minfo\u001b[39m","message":"{\"method\":\"POST\",\"url\":\"/api/auth/register\",\"status\":\"400\",\"responseTime\":\"109.810\"}","timestamp":"2025-01-27T16:20:12.544Z"}
{"level":"\u001b[32minfo\u001b[39m","message":"{\"method\":\"POST\",\"url\":\"/api/auth/register\",\"status\":\"400\",\"responseTime\":\"110.563\"}","timestamp":"2025-01-27T16:20:28.511Z"}
{"level":"\u001b[32minfo\u001b[39m","message":"{\"method\":\"POST\",\"url\":\"/api/auth/register\",\"status\":\"400\",\"responseTime\":\"108.703\"}","timestamp":"2025-01-27T16:20:35.536Z"}
{"level":"\u001b[32minfo\u001b[39m","message":"{\"method\":\"POST\",\"url\":\"/api/auth/register\",\"status\":\"400\",\"responseTime\":\"134.427\"}","timestamp":"2025-01-27T16:31:42.155Z"}
{"level":"\u001b[32minfo\u001b[39m","message":"{\"method\":\"POST\",\"url\":\"/api/auth/register\",\"status\":\"400\",\"responseTime\":\"109.494\"}","timestamp":"2025-01-27T16:31:45.534Z"}
{"level":"\u001b[32minfo\u001b[39m","message":"{\"method\":\"POST\",\"url\":\"/api/auth/register\",\"status\":\"400\",\"responseTime\":\"110.986\"}","timestamp":"2025-01-27T16:31:46.305Z"}
{"level":"\u001b[32minfo\u001b[39m","message":"{\"method\":\"POST\",\"url\":\"/api/auth/register\",\"status\":\"400\",\"responseTime\":\"112.506\"}","timestamp":"2025-01-27T16:31:46.963Z"}
{"level":"\u001b[32minfo\u001b[39m","message":"{\"method\":\"POST\",\"url\":\"/api/auth/register\",\"status\":\"201\",\"responseTime\":\"168.767\"}","timestamp":"2025-01-27T16:40:50.018Z"}
{"level":"\u001b[32minfo\u001b[39m","message":"{\"method\":\"POST\",\"url\":\"/api/auth/login\",\"status\":\"200\",\"responseTime\":\"147.823\"}","timestamp":"2025-01-27T16:51:08.612Z"}
{"level":"\u001b[32minfo\u001b[39m","message":"{\"method\":\"POST\",\"url\":\"/api/auth/login\",\"status\":\"200\",\"responseTime\":\"110.161\"}","timestamp":"2025-01-27T16:51:47.360Z"}
{"level":"\u001b[32minfo\u001b[39m","message":"{\"method\":\"POST\",\"url\":\"/api/auth/login\",\"status\":\"401\",\"responseTime\":\"151.446\"}","timestamp":"2025-01-28T14:58:55.870Z"}
{"level":"\u001b[32minfo\u001b[39m","message":"{\"method\":\"POST\",\"url\":\"/api/auth/login\",\"status\":\"200\",\"responseTime\":\"61.644\"}","timestamp":"2025-01-28T14:59:07.150Z"}
{"level":"\u001b[32minfo\u001b[39m","message":"{\"method\":\"POST\",\"url\":\"/api/auth/login\",\"status\":\"200\",\"responseTime\":\"54.040\"}","timestamp":"2025-01-28T15:03:04.887Z"}
{"level":"\u001b[32minfo\u001b[39m","message":"{\"method\":\"POST\",\"url\":\"/api/auth/login\",\"status\":\"200\",\"responseTime\":\"160.275\"}","timestamp":"2025-01-28T15:12:20.235Z"}
{"level":"\u001b[32minfo\u001b[39m","message":"{\"method\":\"GET\",\"url\":\"/health\",\"status\":\"200\",\"responseTime\":\"3.416\"}","timestamp":"2025-01-29T05:37:16.455Z"}
{"level":"\u001b[32minfo\u001b[39m","message":"{\"method\":\"GET\",\"url\":\"/favicon.ico\",\"status\":\"404\",\"responseTime\":\"1.373\"}","timestamp":"2025-01-29T05:37:16.606Z"}
{"level":"\u001b[32minfo\u001b[39m","message":"{\"method\":\"POST\",\"url\":\"/api/auth/login\",\"status\":\"200\",\"responseTime\":\"214.926\"}","timestamp":"2025-01-29T07:20:06.205Z"}
{"level":"\u001b[32minfo\u001b[39m","message":"{\"method\":\"POST\",\"url\":\"/api/auth/login\",\"status\":\"200\",\"responseTime\":\"271.957\"}","timestamp":"2025-01-29T13:10:37.031Z"}
{"level":"\u001b[32minfo\u001b[39m","message":"{\"method\":\"POST\",\"url\":\"/api/auth/login\",\"status\":\"200\",\"responseTime\":\"242.176\"}","timestamp":"2025-01-29T13:20:52.155Z"}
{"level":"\u001b[32minfo\u001b[39m","message":"{\"method\":\"POST\",\"url\":\"/api/auth/login\",\"status\":\"200\",\"responseTime\":\"144.789\"}","timestamp":"2025-01-29T13:34:56.991Z"}
{"level":"\u001b[32minfo\u001b[39m","message":"{\"method\":\"POST\",\"url\":\"/api/auth/login\",\"status\":\"200\",\"responseTime\":\"115.039\"}","timestamp":"2025-01-29T13:35:47.320Z"}
{"level":"\u001b[32minfo\u001b[39m","message":"{\"method\":\"POST\",\"url\":\"/api/auth/login\",\"status\":\"200\",\"responseTime\":\"128.481\"}","timestamp":"2025-01-29T13:36:46.710Z"}
{"level":"\u001b[32minfo\u001b[39m","message":"{\"method\":\"POST\",\"url\":\"/api/auth/login\",\"status\":\"200\",\"responseTime\":\"112.127\"}","timestamp":"2025-01-29T13:38:42.102Z"}
{"level":"\u001b[32minfo\u001b[39m","message":"{\"method\":\"POST\",\"url\":\"/api/auth/login\",\"status\":\"200\",\"responseTime\":\"153.659\"}","timestamp":"2025-01-29T13:47:52.654Z"}
{"level":"\u001b[32minfo\u001b[39m","message":"{\"method\":\"POST\",\"url\":\"/api/auth/login\",\"status\":\"200\",\"responseTime\":\"122.139\"}","timestamp":"2025-01-29T13:48:32.617Z"}
{"level":"\u001b[32minfo\u001b[39m","message":"{\"method\":\"POST\",\"url\":\"/api/auth/login\",\"status\":\"200\",\"responseTime\":\"137.444\"}","timestamp":"2025-01-29T14:18:46.882Z"}
{"level":"\u001b[32minfo\u001b[39m","message":"{\"method\":\"POST\",\"url\":\"/api/auth/login\",\"status\":\"200\",\"responseTime\":\"134.430\"}","timestamp":"2025-01-29T14:24:57.914Z"}
{"level":"\u001b[32minfo\u001b[39m","message":"{\"method\":\"POST\",\"url\":\"/api/auth/login\",\"status\":\"200\",\"responseTime\":\"111.075\"}","timestamp":"2025-01-29T14:26:19.015Z"}
{"level":"\u001b[32minfo\u001b[39m","message":"{\"method\":\"POST\",\"url\":\"/api/auth/login\",\"status\":\"200\",\"responseTime\":\"131.499\"}","timestamp":"2025-01-29T14:33:32.810Z"}
{"level":"\u001b[32minfo\u001b[39m","message":"{\"method\":\"POST\",\"url\":\"/api/auth/login\",\"status\":\"200\",\"responseTime\":\"112.946\"}","timestamp":"2025-01-29T14:34:51.303Z"}
{"level":"\u001b[32minfo\u001b[39m","message":"{\"method\":\"POST\",\"url\":\"/api/auth/login\",\"status\":\"200\",\"responseTime\":\"112.109\"}","timestamp":"2025-01-29T14:35:18.522Z"}
{"level":"\u001b[32minfo\u001b[39m","message":"{\"method\":\"POST\",\"url\":\"/api/auth/login\",\"status\":\"200\",\"responseTime\":\"252.993\"}","timestamp":"2025-01-29T15:58:48.929Z"}
{"level":"\u001b[32minfo\u001b[39m","message":"{\"method\":\"GET\",\"url\":\"/api/auth/me\",\"status\":\"200\",\"responseTime\":\"2.153\"}","timestamp":"2025-01-29T15:59:53.010Z"}
{"level":"\u001b[32minfo\u001b[39m","message":"{\"method\":\"GET\",\"url\":\"/api/auth/me\",\"status\":\"200\",\"responseTime\":\"3.389\"}","timestamp":"2025-01-29T16:03:02.566Z"}
{"level":"\u001b[32minfo\u001b[39m","message":"{\"method\":\"POST\",\"url\":\"/api/auth/login\",\"status\":\"200\",\"responseTime\":\"239.730\"}","timestamp":"2025-01-29T16:07:59.036Z"}
{"level":"\u001b[32minfo\u001b[39m","message":"{\"method\":\"GET\",\"url\":\"/api/auth/me\",\"status\":\"200\",\"responseTime\":\"4.245\"}","timestamp":"2025-01-29T16:08:04.138Z"}
{"level":"\u001b[32minfo\u001b[39m","message":"{\"method\":\"GET\",\"url\":\"/api/auth/me\",\"status\":\"200\",\"responseTime\":\"8.475\"}","timestamp":"2025-01-29T16:09:47.666Z"}
{"level":"\u001b[32minfo\u001b[39m","message":"{\"method\":\"GET\",\"url\":\"/api/auth/me\",\"status\":\"200\",\"responseTime\":\"153.296\"}","timestamp":"2025-01-29T16:11:22.445Z"}
{"level":"\u001b[32minfo\u001b[39m","message":"{\"method\":\"POST\",\"url\":\"/api/auth/login\",\"status\":\"200\",\"responseTime\":\"113.974\"}","timestamp":"2025-01-29T16:36:04.700Z"}
{"level":"\u001b[32minfo\u001b[39m","message":"{\"method\":\"GET\",\"url\":\"/api/auth/me\",\"status\":\"200\",\"responseTime\":\"5.293\"}","timestamp":"2025-01-29T16:36:05.036Z"}
{"level":"\u001b[32minfo\u001b[39m","message":"{\"method\":\"GET\",\"url\":\"/api/auth/me\",\"status\":\"304\",\"responseTime\":\"6.735\"}","timestamp":"2025-01-29T16:36:05.052Z"}
{"level":"\u001b[32minfo\u001b[39m","message":"{\"method\":\"GET\",\"url\":\"/api/auth/me\",\"status\":\"304\",\"responseTime\":\"6.199\"}","timestamp":"2025-01-29T16:36:21.473Z"}
{"level":"\u001b[32minfo\u001b[39m","message":"{\"method\":\"GET\",\"url\":\"/api/auth/me\",\"status\":\"304\",\"responseTime\":\"4.416\"}","timestamp":"2025-01-29T16:36:21.490Z"}
{"level":"\u001b[32minfo\u001b[39m","message":"{\"method\":\"GET\",\"url\":\"/api/auth/me\",\"status\":\"304\",\"responseTime\":\"3.580\"}","timestamp":"2025-01-29T16:36:21.521Z"}
{"level":"\u001b[32minfo\u001b[39m","message":"{\"method\":\"GET\",\"url\":\"/api/auth/me\",\"status\":\"304\",\"responseTime\":\"4.535\"}","timestamp":"2025-01-29T16:36:21.531Z"}
{"level":"\u001b[32minfo\u001b[39m","message":"{\"method\":\"GET\",\"url\":\"/api/auth/me\",\"status\":\"304\",\"responseTime\":\"3.951\"}","timestamp":"2025-01-29T16:37:55.397Z"}
{"level":"\u001b[32minfo\u001b[39m","message":"{\"method\":\"GET\",\"url\":\"/api/auth/me\",\"status\":\"304\",\"responseTime\":\"3.754\"}","timestamp":"2025-01-29T16:37:55.407Z"}
{"level":"\u001b[32minfo\u001b[39m","message":"{\"method\":\"GET\",\"url\":\"/api/auth/me\",\"status\":\"304\",\"responseTime\":\"3.424\"}","timestamp":"2025-01-29T16:38:12.174Z"}
{"level":"\u001b[32minfo\u001b[39m","message":"{\"method\":\"GET\",\"url\":\"/api/auth/me\",\"status\":\"304\",\"responseTime\":\"2.662\"}","timestamp":"2025-01-29T16:38:12.183Z"}
{"level":"\u001b[32minfo\u001b[39m","message":"{\"method\":\"GET\",\"url\":\"/api/auth/me\",\"status\":\"304\",\"responseTime\":\"3.076\"}","timestamp":"2025-01-29T16:38:51.989Z"}
{"level":"\u001b[32minfo\u001b[39m","message":"{\"method\":\"GET\",\"url\":\"/api/auth/me\",\"status\":\"304\",\"responseTime\":\"2.724\"}","timestamp":"2025-01-29T16:38:51.997Z"}
{"level":"\u001b[32minfo\u001b[39m","message":"{\"method\":\"GET\",\"url\":\"/api/auth/me\",\"status\":\"304\",\"responseTime\":\"3.054\"}","timestamp":"2025-01-29T16:39:43.766Z"}
{"level":"\u001b[32minfo\u001b[39m","message":"{\"method\":\"GET\",\"url\":\"/api/auth/me\",\"status\":\"304\",\"responseTime\":\"2.349\"}","timestamp":"2025-01-29T16:39:43.775Z"}
{"level":"\u001b[32minfo\u001b[39m","message":"{\"method\":\"GET\",\"url\":\"/api/auth/me\",\"status\":\"304\",\"responseTime\":\"3.279\"}","timestamp":"2025-01-29T16:39:46.823Z"}
{"level":"\u001b[32minfo\u001b[39m","message":"{\"method\":\"GET\",\"url\":\"/api/auth/me\",\"status\":\"304\",\"responseTime\":\"3.434\"}","timestamp":"2025-01-29T16:39:46.833Z"}
{"level":"\u001b[32minfo\u001b[39m","message":"{\"method\":\"GET\",\"url\":\"/api/auth/me\",\"status\":\"304\",\"responseTime\":\"3.759\"}","timestamp":"2025-01-29T16:39:46.880Z"}
{"level":"\u001b[32minfo\u001b[39m","message":"{\"method\":\"GET\",\"url\":\"/api/auth/me\",\"status\":\"304\",\"responseTime\":\"3.221\"}","timestamp":"2025-01-29T16:39:46.889Z"}
{"level":"\u001b[32minfo\u001b[39m","message":"{\"method\":\"GET\",\"url\":\"/api/auth/me\",\"status\":\"304\",\"responseTime\":\"12.590\"}","timestamp":"2025-01-29T16:42:12.768Z"}
{"level":"\u001b[32minfo\u001b[39m","message":"{\"method\":\"GET\",\"url\":\"/api/auth/me\",\"status\":\"304\",\"responseTime\":\"3.099\"}","timestamp":"2025-01-29T16:42:13.919Z"}
{"level":"\u001b[32minfo\u001b[39m","message":"{\"method\":\"GET\",\"url\":\"/api/auth/me\",\"status\":\"304\",\"responseTime\":\"3.190\"}","timestamp":"2025-01-29T16:42:15.220Z"}
{"level":"\u001b[32minfo\u001b[39m","message":"{\"method\":\"GET\",\"url\":\"/api/auth/me\",\"status\":\"304\",\"responseTime\":\"5.167\"}","timestamp":"2025-01-29T16:43:12.651Z"}
{"level":"\u001b[32minfo\u001b[39m","message":"{\"method\":\"GET\",\"url\":\"/api/auth/me\",\"status\":\"304\",\"responseTime\":\"3.529\"}","timestamp":"2025-01-29T16:43:13.193Z"}
{"level":"\u001b[32minfo\u001b[39m","message":"{\"method\":\"GET\",\"url\":\"/api/auth/me\",\"status\":\"304\",\"responseTime\":\"3.178\"}","timestamp":"2025-01-29T16:43:20.280Z"}
{"level":"\u001b[32minfo\u001b[39m","message":"{\"method\":\"GET\",\"url\":\"/api/auth/me\",\"status\":\"304\",\"responseTime\":\"2.864\"}","timestamp":"2025-01-29T16:43:32.511Z"}
{"level":"\u001b[32minfo\u001b[39m","message":"{\"method\":\"GET\",\"url\":\"/api/auth/me\",\"status\":\"304\",\"responseTime\":\"7.317\"}","timestamp":"2025-01-29T16:43:33.870Z"}
{"level":"\u001b[32minfo\u001b[39m","message":"{\"method\":\"GET\",\"url\":\"/api/auth/me\",\"status\":\"304\",\"responseTime\":\"8.287\"}","timestamp":"2025-01-29T16:43:48.911Z"}
{"level":"\u001b[32minfo\u001b[39m","message":"{\"method\":\"POST\",\"url\":\"/api/auth/login\",\"status\":\"200\",\"responseTime\":\"130.211\"}","timestamp":"2025-01-29T16:54:28.087Z"}
{"level":"\u001b[32minfo\u001b[39m","message":"{\"method\":\"GET\",\"url\":\"/api/auth/me\",\"status\":\"200\",\"responseTime\":\"6.017\"}","timestamp":"2025-01-29T16:54:28.275Z"}
{"level":"\u001b[32minfo\u001b[39m","message":"{\"method\":\"GET\",\"url\":\"/api/auth/me\",\"status\":\"304\",\"responseTime\":\"4.072\"}","timestamp":"2025-01-29T16:54:31.240Z"}
{"level":"\u001b[32minfo\u001b[39m","message":"{\"method\":\"GET\",\"url\":\"/api/auth/me\",\"status\":\"304\",\"responseTime\":\"3.222\"}","timestamp":"2025-01-29T16:54:32.610Z"}
{"level":"\u001b[32minfo\u001b[39m","message":"{\"method\":\"GET\",\"url\":\"/api/auth/me\",\"status\":\"304\",\"responseTime\":\"4.262\"}","timestamp":"2025-01-29T16:54:37.446Z"}
{"level":"\u001b[32minfo\u001b[39m","message":"{\"method\":\"GET\",\"url\":\"/api/auth/me\",\"status\":\"304\",\"responseTime\":\"3.479\"}","timestamp":"2025-01-29T16:54:38.105Z"}
{"level":"\u001b[32minfo\u001b[39m","message":"{\"method\":\"GET\",\"url\":\"/api/auth/me\",\"status\":\"304\",\"responseTime\":\"4.429\"}","timestamp":"2025-01-29T16:54:52.324Z"}
{"level":"\u001b[32minfo\u001b[39m","message":"{\"method\":\"GET\",\"url\":\"/api/auth/me\",\"status\":\"304\",\"responseTime\":\"54.407\"}","timestamp":"2025-01-29T16:55:27.335Z"}
{"level":"\u001b[32minfo\u001b[39m","message":"{\"method\":\"POST\",\"url\":\"/api/auth/login\",\"status\":\"200\",\"responseTime\":\"101.327\"}","timestamp":"2025-01-29T17:01:17.702Z"}
{"level":"\u001b[32minfo\u001b[39m","message":"{\"method\":\"GET\",\"url\":\"/api/auth/me\",\"status\":\"200\",\"responseTime\":\"5.782\"}","timestamp":"2025-01-29T17:01:17.830Z"}
{"level":"\u001b[32minfo\u001b[39m","message":"{\"method\":\"GET\",\"url\":\"/api/auth/me\",\"status\":\"304\",\"responseTime\":\"3.543\"}","timestamp":"2025-01-29T17:01:19.240Z"}
{"level":"\u001b[32minfo\u001b[39m","message":"{\"method\":\"GET\",\"url\":\"/api/auth/me\",\"status\":\"304\",\"responseTime\":\"4.073\"}","timestamp":"2025-01-29T17:01:20.043Z"}
{"level":"\u001b[32minfo\u001b[39m","message":"{\"method\":\"GET\",\"url\":\"/api/auth/me\",\"status\":\"304\",\"responseTime\":\"3.809\"}","timestamp":"2025-01-29T17:01:20.907Z"}
{"level":"\u001b[32minfo\u001b[39m","message":"{\"method\":\"GET\",\"url\":\"/api/auth/me\",\"status\":\"304\",\"responseTime\":\"3.701\"}","timestamp":"2025-01-29T17:01:21.772Z"}
{"level":"\u001b[32minfo\u001b[39m","message":"{\"method\":\"GET\",\"url\":\"/api/auth/me\",\"status\":\"304\",\"responseTime\":\"3.290\"}","timestamp":"2025-01-29T17:01:22.679Z"}
{"level":"\u001b[32minfo\u001b[39m","message":"{\"method\":\"GET\",\"url\":\"/api/auth/me\",\"status\":\"304\",\"responseTime\":\"5.935\"}","timestamp":"2025-01-29T17:01:23.765Z"}
{"level":"\u001b[32minfo\u001b[39m","message":"{\"method\":\"GET\",\"url\":\"/api/auth/me\",\"status\":\"304\",\"responseTime\":\"4.435\"}","timestamp":"2025-01-29T17:01:24.798Z"}
{"level":"\u001b[32minfo\u001b[39m","message":"{\"method\":\"GET\",\"url\":\"/api/auth/me\",\"status\":\"304\",\"responseTime\":\"3.973\"}","timestamp":"2025-01-29T17:01:25.852Z"}
{"level":"\u001b[32minfo\u001b[39m","message":"{\"method\":\"GET\",\"url\":\"/api/auth/me\",\"status\":\"304\",\"responseTime\":\"3.355\"}","timestamp":"2025-01-29T17:01:26.914Z"}
{"level":"\u001b[32minfo\u001b[39m","message":"{\"method\":\"GET\",\"url\":\"/api/auth/me\",\"status\":\"401\",\"responseTime\":\"1.956\"}","timestamp":"2025-01-29T17:04:25.499Z"}
{"level":"\u001b[32minfo\u001b[39m","message":"{\"method\":\"POST\",\"url\":\"/api/auth/refresh\",\"status\":\"400\",\"responseTime\":\"2.623\"}","timestamp":"2025-01-29T17:04:25.515Z"}
{"level":"\u001b[32minfo\u001b[39m","message":"{\"method\":\"POST\",\"url\":\"/api/auth/login\",\"status\":\"200\",\"responseTime\":\"98.391\"}","timestamp":"2025-01-29T17:04:48.244Z"}
{"level":"\u001b[32minfo\u001b[39m","message":"{\"method\":\"GET\",\"url\":\"/api/auth/me\",\"status\":\"200\",\"responseTime\":\"5.515\"}","timestamp":"2025-01-29T17:04:48.482Z"}
{"level":"\u001b[32minfo\u001b[39m","message":"{\"method\":\"GET\",\"url\":\"/api/auth/me\",\"status\":\"401\",\"responseTime\":\"0.340\"}","timestamp":"2025-01-29T17:04:59.288Z"}
{"level":"\u001b[32minfo\u001b[39m","message":"{\"method\":\"POST\",\"url\":\"/api/auth/refresh\",\"status\":\"400\",\"responseTime\":\"0.637\"}","timestamp":"2025-01-29T17:04:59.309Z"}
{"level":"\u001b[32minfo\u001b[39m","message":"{\"method\":\"POST\",\"url\":\"/api/auth/login\",\"status\":\"200\",\"responseTime\":\"49.655\"}","timestamp":"2025-01-29T17:05:54.401Z"}
{"level":"\u001b[32minfo\u001b[39m","message":"{\"method\":\"GET\",\"url\":\"/api/auth/me\",\"status\":\"304\",\"responseTime\":\"3.801\"}","timestamp":"2025-01-29T17:05:54.649Z"}
{"level":"\u001b[32minfo\u001b[39m","message":"{\"method\":\"GET\",\"url\":\"/api/auth/me\",\"status\":\"401\",\"responseTime\":\"0.474\"}","timestamp":"2025-01-29T17:06:08.954Z"}
{"level":"\u001b[32minfo\u001b[39m","message":"{\"method\":\"POST\",\"url\":\"/api/auth/refresh\",\"status\":\"400\",\"responseTime\":\"0.746\"}","timestamp":"2025-01-29T17:06:08.974Z"}
{"level":"\u001b[32minfo\u001b[39m","message":"{\"method\":\"POST\",\"url\":\"/api/auth/login\",\"status\":\"200\",\"responseTime\":\"49.656\"}","timestamp":"2025-01-29T17:08:38.064Z"}
{"level":"\u001b[32minfo\u001b[39m","message":"{\"method\":\"GET\",\"url\":\"/api/auth/me\",\"status\":\"304\",\"responseTime\":\"4.347\"}","timestamp":"2025-01-29T17:08:38.267Z"}
{"level":"\u001b[32minfo\u001b[39m","message":"{\"method\":\"GET\",\"url\":\"/api/auth/me\",\"status\":\"304\",\"responseTime\":\"3.348\"}","timestamp":"2025-01-29T17:08:43.042Z"}
{"level":"\u001b[32minfo\u001b[39m","message":"{\"method\":\"GET\",\"url\":\"/api/auth/me\",\"status\":\"304\",\"responseTime\":\"3.396\"}","timestamp":"2025-01-29T17:08:44.546Z"}
{"level":"\u001b[32minfo\u001b[39m","message":"{\"method\":\"GET\",\"url\":\"/api/auth/me\",\"status\":\"304\",\"responseTime\":\"4.304\"}","timestamp":"2025-01-29T17:08:47.252Z"}
{"level":"\u001b[32minfo\u001b[39m","message":"{\"method\":\"GET\",\"url\":\"/api/auth/me\",\"status\":\"401\",\"responseTime\":\"0.250\"}","timestamp":"2025-01-29T17:08:50.052Z"}
{"level":"\u001b[32minfo\u001b[39m","message":"{\"method\":\"POST\",\"url\":\"/api/auth/refresh\",\"status\":\"400\",\"responseTime\":\"0.753\"}","timestamp":"2025-01-29T17:08:50.071Z"}
{"level":"\u001b[32minfo\u001b[39m","message":"{\"method\":\"POST\",\"url\":\"/api/auth/login\",\"status\":\"200\",\"responseTime\":\"58.346\"}","timestamp":"2025-01-29T17:11:12.460Z"}
{"level":"\u001b[32minfo\u001b[39m","message":"{\"method\":\"GET\",\"url\":\"/api/auth/me\",\"status\":\"304\",\"responseTime\":\"3.883\"}","timestamp":"2025-01-29T17:11:12.684Z"}
{"level":"\u001b[32minfo\u001b[39m","message":"{\"method\":\"GET\",\"url\":\"/api/auth/me\",\"status\":\"304\",\"responseTime\":\"3.298\"}","timestamp":"2025-01-29T17:11:15.799Z"}
{"level":"\u001b[32minfo\u001b[39m","message":"{\"method\":\"GET\",\"url\":\"/api/auth/me\",\"status\":\"304\",\"responseTime\":\"3.761\"}","timestamp":"2025-01-29T17:11:17.064Z"}
{"level":"\u001b[32minfo\u001b[39m","message":"{\"method\":\"GET\",\"url\":\"/api/auth/me\",\"status\":\"304\",\"responseTime\":\"2.974\"}","timestamp":"2025-01-29T17:11:18.122Z"}
{"level":"\u001b[32minfo\u001b[39m","message":"{\"method\":\"GET\",\"url\":\"/api/auth/me\",\"status\":\"304\",\"responseTime\":\"3.177\"}","timestamp":"2025-01-29T17:11:19.505Z"}
{"level":"\u001b[32minfo\u001b[39m","message":"{\"method\":\"GET\",\"url\":\"/api/auth/me\",\"status\":\"304\",\"responseTime\":\"2.637\"}","timestamp":"2025-01-29T17:11:21.442Z"}
{"level":"\u001b[32minfo\u001b[39m","message":"{\"method\":\"GET\",\"url\":\"/api/auth/me\",\"status\":\"401\",\"responseTime\":\"0.238\"}","timestamp":"2025-01-29T17:11:23.843Z"}
{"level":"\u001b[32minfo\u001b[39m","message":"{\"method\":\"POST\",\"url\":\"/api/auth/refresh\",\"status\":\"400\",\"responseTime\":\"0.656\"}","timestamp":"2025-01-29T17:11:23.867Z"}
{"level":"\u001b[32minfo\u001b[39m","message":"{\"method\":\"POST\",\"url\":\"/api/auth/login\",\"status\":\"200\",\"responseTime\":\"48.434\"}","timestamp":"2025-01-29T17:12:05.140Z"}
{"level":"\u001b[32minfo\u001b[39m","message":"{\"method\":\"POST\",\"url\":\"/api/auth/refresh\",\"status\":\"200\",\"responseTime\":\"2.316\"}","timestamp":"2025-01-29T17:13:09.879Z"}
{"level":"\u001b[32minfo\u001b[39m","message":"{\"method\":\"POST\",\"url\":\"/api/auth/login\",\"status\":\"200\",\"responseTime\":\"47.849\"}","timestamp":"2025-01-29T17:14:08.609Z"}
{"level":"\u001b[32minfo\u001b[39m","message":"{\"method\":\"GET\",\"url\":\"/api/auth/me\",\"status\":\"304\",\"responseTime\":\"2.857\"}","timestamp":"2025-01-29T17:14:08.845Z"}
{"level":"\u001b[32minfo\u001b[39m","message":"{\"method\":\"GET\",\"url\":\"/api/auth/me\",\"status\":\"304\",\"responseTime\":\"3.025\"}","timestamp":"2025-01-29T17:14:12.992Z"}
{"level":"\u001b[32minfo\u001b[39m","message":"{\"method\":\"GET\",\"url\":\"/api/auth/me\",\"status\":\"304\",\"responseTime\":\"2.867\"}","timestamp":"2025-01-29T17:14:15.424Z"}
{"level":"\u001b[32minfo\u001b[39m","message":"{\"method\":\"GET\",\"url\":\"/api/auth/me\",\"status\":\"304\",\"responseTime\":\"2.896\"}","timestamp":"2025-01-29T17:14:17.944Z"}
{"level":"\u001b[32minfo\u001b[39m","message":"{\"method\":\"GET\",\"url\":\"/api/auth/me\",\"status\":\"401\",\"responseTime\":\"0.201\"}","timestamp":"2025-01-29T17:14:20.660Z"}
{"level":"\u001b[32minfo\u001b[39m","message":"{\"method\":\"POST\",\"url\":\"/api/auth/refresh\",\"status\":\"200\",\"responseTime\":\"2.991\"}","timestamp":"2025-01-29T17:14:20.684Z"}
{"level":"\u001b[32minfo\u001b[39m","message":"{\"method\":\"GET\",\"url\":\"/api/auth/me\",\"status\":\"401\",\"responseTime\":\"0.239\"}","timestamp":"2025-01-29T17:14:20.697Z"}
{"level":"\u001b[32minfo\u001b[39m","message":"{\"method\":\"GET\",\"url\":\"/api/auth/me\",\"status\":\"401\",\"responseTime\":\"0.143\"}","timestamp":"2025-01-29T17:14:21.713Z"}
{"level":"\u001b[32minfo\u001b[39m","message":"{\"method\":\"POST\",\"url\":\"/api/auth/refresh\",\"status\":\"200\",\"responseTime\":\"2.743\"}","timestamp":"2025-01-29T17:14:21.725Z"}
{"level":"\u001b[32minfo\u001b[39m","message":"{\"method\":\"GET\",\"url\":\"/api/auth/me\",\"status\":\"401\",\"responseTime\":\"0.182\"}","timestamp":"2025-01-29T17:14:21.735Z"}
{"level":"\u001b[32minfo\u001b[39m","message":"{\"method\":\"GET\",\"url\":\"/api/auth/me\",\"status\":\"401\",\"responseTime\":\"0.228\"}","timestamp":"2025-01-29T17:14:23.756Z"}
{"level":"\u001b[32minfo\u001b[39m","message":"{\"method\":\"POST\",\"url\":\"/api/auth/refresh\",\"status\":\"200\",\"responseTime\":\"1.543\"}","timestamp":"2025-01-29T17:14:23.769Z"}
{"level":"\u001b[32minfo\u001b[39m","message":"{\"method\":\"GET\",\"url\":\"/api/auth/me\",\"status\":\"401\",\"responseTime\":\"0.358\"}","timestamp":"2025-01-29T17:14:23.781Z"}
{"level":"\u001b[32minfo\u001b[39m","message":"{\"method\":\"GET\",\"url\":\"/api/auth/me\",\"status\":\"401\",\"responseTime\":\"0.262\"}","timestamp":"2025-01-29T17:14:26.072Z"}
{"level":"\u001b[32minfo\u001b[39m","message":"{\"method\":\"POST\",\"url\":\"/api/auth/refresh\",\"status\":\"200\",\"responseTime\":\"3.034\"}","timestamp":"2025-01-29T17:14:26.097Z"}
{"level":"\u001b[32minfo\u001b[39m","message":"{\"method\":\"GET\",\"url\":\"/api/auth/me\",\"status\":\"401\",\"responseTime\":\"0.317\"}","timestamp":"2025-01-29T17:14:26.112Z"}
{"level":"\u001b[32minfo\u001b[39m","message":"{\"method\":\"GET\",\"url\":\"/api/auth/me\",\"status\":\"401\",\"responseTime\":\"0.289\"}","timestamp":"2025-01-29T17:14:27.142Z"}
{"level":"\u001b[32minfo\u001b[39m","message":"{\"method\":\"POST\",\"url\":\"/api/auth/refresh\",\"status\":\"200\",\"responseTime\":\"1.622\"}","timestamp":"2025-01-29T17:14:27.153Z"}
{"level":"\u001b[32minfo\u001b[39m","message":"{\"method\":\"GET\",\"url\":\"/api/auth/me\",\"status\":\"401\",\"responseTime\":\"0.275\"}","timestamp":"2025-01-29T17:14:27.164Z"}
{"level":"\u001b[32minfo\u001b[39m","message":"{\"method\":\"GET\",\"url\":\"/api/auth/me\",\"status\":\"401\",\"responseTime\":\"0.141\"}","timestamp":"2025-01-29T17:14:29.185Z"}
{"level":"\u001b[32minfo\u001b[39m","message":"{\"method\":\"POST\",\"url\":\"/api/auth/refresh\",\"status\":\"200\",\"responseTime\":\"1.583\"}","timestamp":"2025-01-29T17:14:29.200Z"}
{"level":"\u001b[32minfo\u001b[39m","message":"{\"method\":\"GET\",\"url\":\"/api/auth/me\",\"status\":\"401\",\"responseTime\":\"0.200\"}","timestamp":"2025-01-29T17:14:29.213Z"}
{"level":"\u001b[32minfo\u001b[39m","message":"{\"method\":\"GET\",\"url\":\"/api/auth/me\",\"status\":\"401\",\"responseTime\":\"1.855\"}","timestamp":"2025-01-29T17:15:39.543Z"}
{"level":"\u001b[32minfo\u001b[39m","message":"{\"method\":\"POST\",\"url\":\"/api/auth/refresh\",\"status\":\"-\",\"responseTime\":\"-\"}","timestamp":"2025-01-29T17:15:41.264Z"}
{"level":"\u001b[32minfo\u001b[39m","message":"{\"method\":\"GET\",\"url\":\"/api/auth/me\",\"status\":\"401\",\"responseTime\":\"0.473\"}","timestamp":"2025-01-29T17:15:41.592Z"}
{"level":"\u001b[32minfo\u001b[39m","message":"{\"method\":\"POST\",\"url\":\"/api/auth/refresh\",\"status\":\"-\",\"responseTime\":\"-\"}","timestamp":"2025-01-29T17:15:49.945Z"}
{"level":"\u001b[32minfo\u001b[39m","message":"{\"method\":\"GET\",\"url\":\"/api/auth/me\",\"status\":\"401\",\"responseTime\":\"0.379\"}","timestamp":"2025-01-29T17:15:50.269Z"}
{"level":"\u001b[32minfo\u001b[39m","message":"{\"method\":\"GET\",\"url\":\"/api/auth/me\",\"status\":\"401\",\"responseTime\":\"2.477\"}","timestamp":"2025-01-29T17:16:33.693Z"}
{"level":"\u001b[32minfo\u001b[39m","message":"{\"method\":\"GET\",\"url\":\"/api/auth/me\",\"status\":\"401\",\"responseTime\":\"2.356\"}","timestamp":"2025-01-29T17:16:57.486Z"}
{"level":"\u001b[32minfo\u001b[39m","message":"{\"method\":\"GET\",\"url\":\"/api/auth/me\",\"status\":\"401\",\"responseTime\":\"1.647\"}","timestamp":"2025-01-29T17:17:23.792Z"}
{"level":"\u001b[32minfo\u001b[39m","message":"{\"method\":\"POST\",\"url\":\"/api/auth/refresh\",\"status\":\"200\",\"responseTime\":\"18.448\"}","timestamp":"2025-01-29T17:17:23.861Z"}
{"level":"\u001b[32minfo\u001b[39m","message":"{\"method\":\"GET\",\"url\":\"/api/auth/me\",\"status\":\"304\",\"responseTime\":\"59.760\"}","timestamp":"2025-01-29T17:17:23.951Z"}
{"level":"\u001b[32minfo\u001b[39m","message":"{\"method\":\"GET\",\"url\":\"/api/auth/me\",\"status\":\"304\",\"responseTime\":\"2.751\"}","timestamp":"2025-01-29T17:17:28.139Z"}
{"level":"\u001b[32minfo\u001b[39m","message":"{\"method\":\"GET\",\"url\":\"/api/auth/me\",\"status\":\"304\",\"responseTime\":\"5.706\"}","timestamp":"2025-01-29T17:17:32.136Z"}
{"level":"\u001b[32minfo\u001b[39m","message":"{\"method\":\"GET\",\"url\":\"/api/auth/me\",\"status\":\"401\",\"responseTime\":\"0.345\"}","timestamp":"2025-01-29T17:17:34.394Z"}
{"level":"\u001b[32minfo\u001b[39m","message":"{\"method\":\"POST\",\"url\":\"/api/auth/refresh\",\"status\":\"200\",\"responseTime\":\"6.027\"}","timestamp":"2025-01-29T17:17:34.419Z"}
{"level":"\u001b[32minfo\u001b[39m","message":"{\"method\":\"GET\",\"url\":\"/api/auth/me\",\"status\":\"304\",\"responseTime\":\"3.314\"}","timestamp":"2025-01-29T17:17:34.452Z"}
{"level":"\u001b[32minfo\u001b[39m","message":"{\"method\":\"GET\",\"url\":\"/api/auth/me\",\"status\":\"304\",\"responseTime\":\"4.169\"}","timestamp":"2025-01-29T17:17:39.333Z"}
{"level":"\u001b[32minfo\u001b[39m","message":"{\"method\":\"GET\",\"url\":\"/api/auth/me\",\"status\":\"304\",\"responseTime\":\"3.348\"}","timestamp":"2025-01-29T17:17:42.900Z"}
{"level":"\u001b[32minfo\u001b[39m","message":"{\"method\":\"GET\",\"url\":\"/api/auth/me\",\"status\":\"401\",\"responseTime\":\"0.307\"}","timestamp":"2025-01-29T17:17:45.633Z"}
{"level":"\u001b[32minfo\u001b[39m","message":"{\"method\":\"POST\",\"url\":\"/api/auth/refresh\",\"status\":\"200\",\"responseTime\":\"3.267\"}","timestamp":"2025-01-29T17:17:45.653Z"}
{"level":"\u001b[32minfo\u001b[39m","message":"{\"method\":\"GET\",\"url\":\"/api/auth/me\",\"status\":\"304\",\"responseTime\":\"3.669\"}","timestamp":"2025-01-29T17:17:45.680Z"}
{"level":"\u001b[32minfo\u001b[39m","message":"{\"method\":\"GET\",\"url\":\"/api/auth/me\",\"status\":\"401\",\"responseTime\":\"0.398\"}","timestamp":"2025-01-29T17:18:15.856Z"}
{"level":"\u001b[32minfo\u001b[39m","message":"{\"method\":\"POST\",\"url\":\"/api/auth/refresh\",\"status\":\"200\",\"responseTime\":\"4.582\"}","timestamp":"2025-01-29T17:18:15.884Z"}
{"level":"\u001b[32minfo\u001b[39m","message":"{\"method\":\"GET\",\"url\":\"/api/auth/me\",\"status\":\"304\",\"responseTime\":\"3.359\"}","timestamp":"2025-01-29T17:18:15.910Z"}
{"level":"\u001b[32minfo\u001b[39m","message":"{\"method\":\"GET\",\"url\":\"/api/auth/me\",\"status\":\"304\",\"responseTime\":\"3.176\"}","timestamp":"2025-01-29T17:18:20.299Z"}
{"level":"\u001b[32minfo\u001b[39m","message":"{\"method\":\"GET\",\"url\":\"/api/auth/me\",\"status\":\"304\",\"responseTime\":\"3.146\"}","timestamp":"2025-01-29T17:18:23.043Z"}
{"level":"\u001b[32minfo\u001b[39m","message":"{\"method\":\"GET\",\"url\":\"/api/auth/me\",\"status\":\"401\",\"responseTime\":\"0.326\"}","timestamp":"2025-01-29T17:18:26.781Z"}
{"level":"\u001b[32minfo\u001b[39m","message":"{\"method\":\"POST\",\"url\":\"/api/auth/refresh\",\"status\":\"200\",\"responseTime\":\"3.006\"}","timestamp":"2025-01-29T17:18:26.799Z"}
{"level":"\u001b[32minfo\u001b[39m","message":"{\"method\":\"GET\",\"url\":\"/api/auth/me\",\"status\":\"304\",\"responseTime\":\"4.793\"}","timestamp":"2025-01-29T17:18:26.821Z"}
{"level":"\u001b[32minfo\u001b[39m","message":"{\"method\":\"GET\",\"url\":\"/api/auth/me\",\"status\":\"304\",\"responseTime\":\"2.944\"}","timestamp":"2025-01-29T17:18:29.939Z"}
{"level":"\u001b[32minfo\u001b[39m","message":"{\"method\":\"GET\",\"url\":\"/api/auth/me\",\"status\":\"304\",\"responseTime\":\"4.074\"}","timestamp":"2025-01-29T17:18:32.569Z"}
{"level":"\u001b[32minfo\u001b[39m","message":"{\"method\":\"GET\",\"url\":\"/api/auth/me\",\"status\":\"401\",\"responseTime\":\"0.288\"}","timestamp":"2025-01-29T17:48:45.879Z"}
{"level":"\u001b[32minfo\u001b[39m","message":"{\"method\":\"POST\",\"url\":\"/api/auth/refresh\",\"status\":\"200\",\"responseTime\":\"2.313\"}","timestamp":"2025-01-29T17:48:45.897Z"}
{"level":"\u001b[32minfo\u001b[39m","message":"{\"method\":\"GET\",\"url\":\"/api/auth/me\",\"status\":\"304\",\"responseTime\":\"14.575\"}","timestamp":"2025-01-29T17:48:45.924Z"}
{"level":"\u001b[32minfo\u001b[39m","message":"{\"method\":\"GET\",\"url\":\"/api/auth/me\",\"status\":\"304\",\"responseTime\":\"3.651\"}","timestamp":"2025-01-29T17:48:47.130Z"}
{"level":"\u001b[32minfo\u001b[39m","message":"{\"method\":\"GET\",\"url\":\"/api/auth/me\",\"status\":\"401\",\"responseTime\":\"0.344\"}","timestamp":"2025-01-29T19:24:23.821Z"}
{"level":"\u001b[32minfo\u001b[39m","message":"{\"method\":\"POST\",\"url\":\"/api/auth/refresh\",\"status\":\"200\",\"responseTime\":\"3.515\"}","timestamp":"2025-01-29T19:24:23.845Z"}
{"level":"\u001b[32minfo\u001b[39m","message":"{\"method\":\"GET\",\"url\":\"/api/auth/me\",\"status\":\"304\",\"responseTime\":\"41.386\"}","timestamp":"2025-01-29T19:24:23.906Z"}
{"level":"\u001b[32minfo\u001b[39m","message":"{\"method\":\"GET\",\"url\":\"/api/auth/me\",\"status\":\"401\",\"responseTime\":\"0.267\"}","timestamp":"2025-01-29T19:26:07.891Z"}
{"level":"\u001b[32minfo\u001b[39m","message":"{\"method\":\"POST\",\"url\":\"/api/auth/refresh\",\"status\":\"200\",\"responseTime\":\"3.054\"}","timestamp":"2025-01-29T19:26:07.909Z"}
{"level":"\u001b[32minfo\u001b[39m","message":"{\"method\":\"GET\",\"url\":\"/api/auth/me\",\"status\":\"304\",\"responseTime\":\"6.702\"}","timestamp":"2025-01-29T19:26:07.932Z"}
{"level":"\u001b[32minfo\u001b[39m","message":"{\"method\":\"POST\",\"url\":\"/api/auth/login\",\"status\":\"200\",\"responseTime\":\"307.182\"}","timestamp":"2025-01-30T07:08:37.528Z"}
{"level":"\u001b[32minfo\u001b[39m","message":"{\"method\":\"GET\",\"url\":\"/api/auth/me\",\"status\":\"304\",\"responseTime\":\"9.562\"}","timestamp":"2025-01-30T07:08:38.540Z"}
{"level":"\u001b[32minfo\u001b[39m","message":"{\"method\":\"GET\",\"url\":\"/api/auth/me\",\"status\":\"401\",\"responseTime\":\"2.347\"}","timestamp":"2025-01-30T07:09:39.329Z"}
{"level":"\u001b[32minfo\u001b[39m","message":"{\"method\":\"POST\",\"url\":\"/api/auth/refresh\",\"status\":\"200\",\"responseTime\":\"16.444\"}","timestamp":"2025-01-30T07:09:39.391Z"}
{"level":"\u001b[32minfo\u001b[39m","message":"{\"method\":\"GET\",\"url\":\"/api/auth/me\",\"status\":\"304\",\"responseTime\":\"12.189\"}","timestamp":"2025-01-30T07:09:39.429Z"}
{"level":"\u001b[32minfo\u001b[39m","message":"{\"method\":\"GET\",\"url\":\"/api/auth/me\",\"status\":\"401\",\"responseTime\":\"0.791\"}","timestamp":"2025-01-30T07:10:57.273Z"}
{"level":"\u001b[32minfo\u001b[39m","message":"{\"method\":\"POST\",\"url\":\"/api/auth/refresh\",\"status\":\"200\",\"responseTime\":\"10.176\"}","timestamp":"2025-01-30T07:10:57.326Z"}
{"level":"\u001b[32minfo\u001b[39m","message":"{\"method\":\"GET\",\"url\":\"/api/auth/me\",\"status\":\"304\",\"responseTime\":\"8.701\"}","timestamp":"2025-01-30T07:10:57.350Z"}
{"level":"\u001b[32minfo\u001b[39m","message":"{\"method\":\"GET\",\"url\":\"/api/auth/me\",\"status\":\"401\",\"responseTime\":\"0.562\"}","timestamp":"2025-01-30T07:11:51.369Z"}
{"level":"\u001b[32minfo\u001b[39m","message":"{\"method\":\"GET\",\"url\":\"/api/auth/me\",\"status\":\"401\",\"responseTime\":\"0.821\"}","timestamp":"2025-01-30T07:12:58.367Z"}
{"level":"\u001b[32minfo\u001b[39m","message":"{\"method\":\"POST\",\"url\":\"/api/auth/refresh\",\"status\":\"200\",\"responseTime\":\"5.672\"}","timestamp":"2025-01-30T07:12:58.398Z"}
{"level":"\u001b[32minfo\u001b[39m","message":"{\"method\":\"GET\",\"url\":\"/api/auth/me\",\"status\":\"304\",\"responseTime\":\"6.176\"}","timestamp":"2025-01-30T07:12:58.421Z"}
{"level":"\u001b[32minfo\u001b[39m","message":"{\"method\":\"GET\",\"url\":\"/api/auth/me\",\"status\":\"401\",\"responseTime\":\"0.469\"}","timestamp":"2025-01-30T07:13:14.728Z"}
{"level":"\u001b[32minfo\u001b[39m","message":"{\"method\":\"GET\",\"url\":\"/api/auth/me\",\"status\":\"401\",\"responseTime\":\"0.472\"}","timestamp":"2025-01-30T07:14:01.329Z"}
{"level":"\u001b[32minfo\u001b[39m","message":"{\"method\":\"POST\",\"url\":\"/api/auth/refresh\",\"status\":\"200\",\"responseTime\":\"6.561\"}","timestamp":"2025-01-30T07:14:01.368Z"}
{"level":"\u001b[32minfo\u001b[39m","message":"{\"method\":\"GET\",\"url\":\"/api/auth/me\",\"status\":\"304\",\"responseTime\":\"27.337\"}","timestamp":"2025-01-30T07:14:01.419Z"}
{"level":"\u001b[32minfo\u001b[39m","message":"{\"method\":\"GET\",\"url\":\"/api/auth/me\",\"status\":\"304\",\"responseTime\":\"6.310\"}","timestamp":"2025-01-30T07:14:10.741Z"}
{"level":"\u001b[32minfo\u001b[39m","message":"{\"method\":\"GET\",\"url\":\"/api/auth/me\",\"status\":\"401\",\"responseTime\":\"0.425\"}","timestamp":"2025-01-30T07:14:17.779Z"}
{"level":"\u001b[32minfo\u001b[39m","message":"{\"method\":\"POST\",\"url\":\"/api/auth/refresh\",\"status\":\"200\",\"responseTime\":\"7.726\"}","timestamp":"2025-01-30T07:14:17.897Z"}
{"level":"\u001b[32minfo\u001b[39m","message":"{\"method\":\"GET\",\"url\":\"/api/auth/me\",\"status\":\"304\",\"responseTime\":\"9.153\"}","timestamp":"2025-01-30T07:14:17.925Z"}
{"level":"\u001b[32minfo\u001b[39m","message":"{\"method\":\"GET\",\"url\":\"/api/auth/me\",\"status\":\"401\",\"responseTime\":\"1.122\"}","timestamp":"2025-01-30T07:15:31.232Z"}
{"level":"\u001b[32minfo\u001b[39m","message":"{\"method\":\"POST\",\"url\":\"/api/auth/refresh\",\"status\":\"200\",\"responseTime\":\"8.651\"}","timestamp":"2025-01-30T07:15:31.262Z"}
{"level":"\u001b[32minfo\u001b[39m","message":"{\"method\":\"GET\",\"url\":\"/api/auth/me\",\"status\":\"304\",\"responseTime\":\"10.565\"}","timestamp":"2025-01-30T07:15:31.295Z"}
{"level":"\u001b[32minfo\u001b[39m","message":"{\"method\":\"GET\",\"url\":\"/api/auth/me\",\"status\":\"401\",\"responseTime\":\"0.552\"}","timestamp":"2025-01-30T07:19:07.264Z"}
{"level":"\u001b[32minfo\u001b[39m","message":"{\"method\":\"POST\",\"url\":\"/api/auth/refresh\",\"status\":\"200\",\"responseTime\":\"7.957\"}","timestamp":"2025-01-30T07:19:07.298Z"}
{"level":"\u001b[32minfo\u001b[39m","message":"{\"method\":\"GET\",\"url\":\"/api/auth/me\",\"status\":\"304\",\"responseTime\":\"23.329\"}","timestamp":"2025-01-30T07:19:07.342Z"}
{"level":"\u001b[32minfo\u001b[39m","message":"{\"method\":\"GET\",\"url\":\"/api/auth/me\",\"status\":\"401\",\"responseTime\":\"0.503\"}","timestamp":"2025-01-30T07:19:22.325Z"}
{"level":"\u001b[32minfo\u001b[39m","message":"{\"method\":\"GET\",\"url\":\"/api/auth/me\",\"status\":\"401\",\"responseTime\":\"0.341\"}","timestamp":"2025-01-30T07:20:19.369Z"}
{"level":"\u001b[32minfo\u001b[39m","message":"{\"method\":\"POST\",\"url\":\"/api/auth/refresh\",\"status\":\"200\",\"responseTime\":\"7.758\"}","timestamp":"2025-01-30T07:20:19.405Z"}
{"level":"\u001b[32minfo\u001b[39m","message":"{\"method\":\"GET\",\"url\":\"/api/auth/me\",\"status\":\"304\",\"responseTime\":\"7.504\"}","timestamp":"2025-01-30T07:20:19.432Z"}
{"level":"\u001b[32minfo\u001b[39m","message":"{\"method\":\"GET\",\"url\":\"/api/auth/me\",\"status\":\"401\",\"responseTime\":\"0.694\"}","timestamp":"2025-01-30T07:24:48.941Z"}
{"level":"\u001b[32minfo\u001b[39m","message":"{\"method\":\"POST\",\"url\":\"/api/auth/refresh\",\"status\":\"200\",\"responseTime\":\"11.003\"}","timestamp":"2025-01-30T07:24:48.988Z"}
{"level":"\u001b[32minfo\u001b[39m","message":"{\"method\":\"GET\",\"url\":\"/api/auth/me\",\"status\":\"304\",\"responseTime\":\"28.939\"}","timestamp":"2025-01-30T07:24:49.040Z"}
{"level":"\u001b[32minfo\u001b[39m","message":"{\"method\":\"GET\",\"url\":\"/api/auth/me\",\"status\":\"304\",\"responseTime\":\"6.443\"}","timestamp":"2025-01-30T07:24:50.913Z"}
{"level":"\u001b[32minfo\u001b[39m","message":"{\"method\":\"GET\",\"url\":\"/api/auth/me\",\"status\":\"304\",\"responseTime\":\"5.704\"}","timestamp":"2025-01-30T07:24:53.675Z"}
{"level":"\u001b[32minfo\u001b[39m","message":"{\"method\":\"GET\",\"url\":\"/api/auth/me\",\"status\":\"304\",\"responseTime\":\"5.576\"}","timestamp":"2025-01-30T07:24:54.768Z"}
{"level":"\u001b[32minfo\u001b[39m","message":"{\"method\":\"GET\",\"url\":\"/api/auth/me\",\"status\":\"401\",\"responseTime\":\"0.335\"}","timestamp":"2025-01-30T07:25:04.054Z"}
{"level":"\u001b[32minfo\u001b[39m","message":"{\"method\":\"POST\",\"url\":\"/api/auth/refresh\",\"status\":\"200\",\"responseTime\":\"4.653\"}","timestamp":"2025-01-30T07:25:04.089Z"}
{"level":"\u001b[32minfo\u001b[39m","message":"{\"method\":\"GET\",\"url\":\"/api/auth/me\",\"status\":\"304\",\"responseTime\":\"5.317\"}","timestamp":"2025-01-30T07:25:04.115Z"}
{"level":"\u001b[32minfo\u001b[39m","message":"{\"method\":\"GET\",\"url\":\"/api/auth/me\",\"status\":\"401\",\"responseTime\":\"0.388\"}","timestamp":"2025-01-30T07:25:48.107Z"}
{"level":"\u001b[32minfo\u001b[39m","message":"{\"method\":\"POST\",\"url\":\"/api/auth/refresh\",\"status\":\"200\",\"responseTime\":\"4.464\"}","timestamp":"2025-01-30T07:25:48.129Z"}
{"level":"\u001b[32minfo\u001b[39m","message":"{\"method\":\"GET\",\"url\":\"/api/auth/me\",\"status\":\"304\",\"responseTime\":\"5.549\"}","timestamp":"2025-01-30T07:25:48.152Z"}
{"level":"\u001b[32minfo\u001b[39m","message":"{\"method\":\"GET\",\"url\":\"/api/auth/me\",\"status\":\"304\",\"responseTime\":\"4.970\"}","timestamp":"2025-01-30T07:25:49.398Z"}
{"level":"\u001b[32minfo\u001b[39m","message":"{\"method\":\"GET\",\"url\":\"/api/auth/me\",\"status\":\"304\",\"responseTime\":\"5.146\"}","timestamp":"2025-01-30T07:25:50.748Z"}
{"level":"\u001b[32minfo\u001b[39m","message":"{\"method\":\"GET\",\"url\":\"/api/auth/me\",\"status\":\"401\",\"responseTime\":\"0.384\"}","timestamp":"2025-01-30T07:26:05.477Z"}
{"level":"\u001b[32minfo\u001b[39m","message":"{\"method\":\"POST\",\"url\":\"/api/auth/refresh\",\"status\":\"200\",\"responseTime\":\"4.036\"}","timestamp":"2025-01-30T07:26:05.496Z"}
{"level":"\u001b[32minfo\u001b[39m","message":"{\"method\":\"GET\",\"url\":\"/api/auth/me\",\"status\":\"304\",\"responseTime\":\"6.061\"}","timestamp":"2025-01-30T07:26:05.521Z"}
{"level":"\u001b[32minfo\u001b[39m","message":"{\"method\":\"GET\",\"url\":\"/api/auth/me\",\"status\":\"401\",\"responseTime\":\"0.372\"}","timestamp":"2025-01-30T07:26:42.690Z"}
{"level":"\u001b[32minfo\u001b[39m","message":"{\"method\":\"POST\",\"url\":\"/api/auth/refresh\",\"status\":\"200\",\"responseTime\":\"5.031\"}","timestamp":"2025-01-30T07:26:42.714Z"}
{"level":"\u001b[32minfo\u001b[39m","message":"{\"method\":\"GET\",\"url\":\"/api/auth/me\",\"status\":\"304\",\"responseTime\":\"5.336\"}","timestamp":"2025-01-30T07:26:42.736Z"}
{"level":"\u001b[32minfo\u001b[39m","message":"{\"method\":\"GET\",\"url\":\"/api/auth/me\",\"status\":\"304\",\"responseTime\":\"4.879\"}","timestamp":"2025-01-30T07:26:43.319Z"}
{"level":"\u001b[32minfo\u001b[39m","message":"{\"method\":\"GET\",\"url\":\"/api/auth/me\",\"status\":\"304\",\"responseTime\":\"4.799\"}","timestamp":"2025-01-30T07:26:48.755Z"}
{"level":"\u001b[32minfo\u001b[39m","message":"{\"method\":\"GET\",\"url\":\"/api/auth/me\",\"status\":\"401\",\"responseTime\":\"0.316\"}","timestamp":"2025-01-30T07:28:30.565Z"}
{"level":"\u001b[32minfo\u001b[39m","message":"{\"method\":\"POST\",\"url\":\"/api/auth/refresh\",\"status\":\"200\",\"responseTime\":\"3.551\"}","timestamp":"2025-01-30T07:28:30.586Z"}
{"level":"\u001b[32minfo\u001b[39m","message":"{\"method\":\"GET\",\"url\":\"/api/auth/me\",\"status\":\"304\",\"responseTime\":\"5.541\"}","timestamp":"2025-01-30T07:28:30.611Z"}
{"level":"\u001b[32minfo\u001b[39m","message":"{\"method\":\"GET\",\"url\":\"/api/auth/me\",\"status\":\"304\",\"responseTime\":\"4.200\"}","timestamp":"2025-01-30T07:28:31.363Z"}
{"level":"\u001b[32minfo\u001b[39m","message":"{\"method\":\"GET\",\"url\":\"/api/auth/me\",\"status\":\"304\",\"responseTime\":\"5.551\"}","timestamp":"2025-01-30T07:28:34.243Z"}
{"level":"\u001b[32minfo\u001b[39m","message":"{\"method\":\"POST\",\"url\":\"/api/auth/login\",\"status\":\"200\",\"responseTime\":\"130.503\"}","timestamp":"2025-01-30T07:34:25.155Z"}
{"level":"\u001b[32minfo\u001b[39m","message":"{\"method\":\"GET\",\"url\":\"/api/auth/me\",\"status\":\"304\",\"responseTime\":\"10.666\"}","timestamp":"2025-01-30T07:34:25.486Z"}
{"level":"\u001b[32minfo\u001b[39m","message":"{\"method\":\"GET\",\"url\":\"/api/auth/me\",\"status\":\"304\",\"responseTime\":\"5.847\"}","timestamp":"2025-01-30T07:34:27.384Z"}
{"level":"\u001b[32minfo\u001b[39m","message":"{\"method\":\"GET\",\"url\":\"/api/auth/me\",\"status\":\"304\",\"responseTime\":\"4.799\"}","timestamp":"2025-01-30T07:34:28.612Z"}
{"level":"\u001b[32minfo\u001b[39m","message":"{\"method\":\"GET\",\"url\":\"/api/auth/me\",\"status\":\"304\",\"responseTime\":\"5.538\"}","timestamp":"2025-01-30T07:34:30.067Z"}
{"level":"\u001b[32minfo\u001b[39m","message":"{\"method\":\"GET\",\"url\":\"/api/auth/me\",\"status\":\"401\",\"responseTime\":\"0.254\"}","timestamp":"2025-01-30T07:35:01.129Z"}
{"level":"\u001b[32minfo\u001b[39m","message":"{\"method\":\"POST\",\"url\":\"/api/auth/refresh\",\"status\":\"200\",\"responseTime\":\"4.795\"}","timestamp":"2025-01-30T07:35:01.169Z"}
{"level":"\u001b[32minfo\u001b[39m","message":"{\"method\":\"GET\",\"url\":\"/api/auth/me\",\"status\":\"304\",\"responseTime\":\"6.005\"}","timestamp":"2025-01-30T07:35:01.196Z"}
{"level":"\u001b[32minfo\u001b[39m","message":"{\"method\":\"GET\",\"url\":\"/api/auth/me\",\"status\":\"401\",\"responseTime\":\"0.494\"}","timestamp":"2025-01-30T07:37:00.215Z"}
{"level":"\u001b[32minfo\u001b[39m","message":"{\"method\":\"POST\",\"url\":\"/api/auth/refresh\",\"status\":\"200\",\"responseTime\":\"5.014\"}","timestamp":"2025-01-30T07:37:00.241Z"}
{"level":"\u001b[32minfo\u001b[39m","message":"{\"method\":\"GET\",\"url\":\"/api/auth/me\",\"status\":\"304\",\"responseTime\":\"5.712\"}","timestamp":"2025-01-30T07:37:00.268Z"}
{"level":"\u001b[32minfo\u001b[39m","message":"{\"method\":\"GET\",\"url\":\"/api/auth/me\",\"status\":\"401\",\"responseTime\":\"0.267\"}","timestamp":"2025-01-30T07:37:17.046Z"}
{"level":"\u001b[32minfo\u001b[39m","message":"{\"method\":\"POST\",\"url\":\"/api/auth/refresh\",\"status\":\"200\",\"responseTime\":\"9.284\"}","timestamp":"2025-01-30T07:37:17.081Z"}
{"level":"\u001b[32minfo\u001b[39m","message":"{\"method\":\"GET\",\"url\":\"/api/auth/me\",\"status\":\"304\",\"responseTime\":\"5.226\"}","timestamp":"2025-01-30T07:37:17.105Z"}
{"level":"\u001b[32minfo\u001b[39m","message":"{\"method\":\"GET\",\"url\":\"/api/auth/me\",\"status\":\"304\",\"responseTime\":\"5.099\"}","timestamp":"2025-01-30T07:37:24.623Z"}
{"level":"\u001b[32minfo\u001b[39m","message":"{\"method\":\"GET\",\"url\":\"/api/auth/me\",\"status\":\"304\",\"responseTime\":\"4.819\"}","timestamp":"2025-01-30T07:37:25.064Z"}
{"level":"\u001b[32minfo\u001b[39m","message":"{\"method\":\"GET\",\"url\":\"/api/auth/me\",\"status\":\"401\",\"responseTime\":\"0.268\"}","timestamp":"2025-01-30T07:38:05.966Z"}
{"level":"\u001b[32minfo\u001b[39m","message":"{\"method\":\"POST\",\"url\":\"/api/auth/refresh\",\"status\":\"200\",\"responseTime\":\"3.884\"}","timestamp":"2025-01-30T07:38:05.989Z"}
{"level":"\u001b[32minfo\u001b[39m","message":"{\"method\":\"GET\",\"url\":\"/api/auth/me\",\"status\":\"304\",\"responseTime\":\"6.454\"}","timestamp":"2025-01-30T07:38:06.014Z"}
{"level":"\u001b[32minfo\u001b[39m","message":"{\"method\":\"GET\",\"url\":\"/api/auth/me\",\"status\":\"304\",\"responseTime\":\"5.080\"}","timestamp":"2025-01-30T07:38:11.424Z"}
{"level":"\u001b[32minfo\u001b[39m","message":"{\"method\":\"GET\",\"url\":\"/api/auth/me\",\"status\":\"304\",\"responseTime\":\"5.611\"}","timestamp":"2025-01-30T07:38:11.649Z"}
{"level":"\u001b[32minfo\u001b[39m","message":"{\"method\":\"GET\",\"url\":\"/api/auth/me\",\"status\":\"401\",\"responseTime\":\"0.989\"}","timestamp":"2025-01-30T07:42:06.617Z"}
{"level":"\u001b[32minfo\u001b[39m","message":"{\"method\":\"POST\",\"url\":\"/api/auth/refresh\",\"status\":\"200\",\"responseTime\":\"4.796\"}","timestamp":"2025-01-30T07:42:06.647Z"}
{"level":"\u001b[32minfo\u001b[39m","message":"{\"method\":\"GET\",\"url\":\"/api/auth/me\",\"status\":\"304\",\"responseTime\":\"19.736\"}","timestamp":"2025-01-30T07:42:06.685Z"}
{"level":"\u001b[32minfo\u001b[39m","message":"{\"method\":\"GET\",\"url\":\"/api/auth/me\",\"status\":\"401\",\"responseTime\":\"0.517\"}","timestamp":"2025-01-30T07:42:32.207Z"}
{"level":"\u001b[32minfo\u001b[39m","message":"{\"method\":\"POST\",\"url\":\"/api/auth/refresh\",\"status\":\"200\",\"responseTime\":\"4.288\"}","timestamp":"2025-01-30T07:42:32.230Z"}
{"level":"\u001b[32minfo\u001b[39m","message":"{\"method\":\"GET\",\"url\":\"/api/auth/me\",\"status\":\"304\",\"responseTime\":\"7.850\"}","timestamp":"2025-01-30T07:42:32.258Z"}
{"level":"\u001b[32minfo\u001b[39m","message":"{\"method\":\"GET\",\"url\":\"/api/auth/me\",\"status\":\"304\",\"responseTime\":\"5.065\"}","timestamp":"2025-01-30T07:42:32.470Z"}
{"level":"\u001b[32minfo\u001b[39m","message":"{\"method\":\"GET\",\"url\":\"/api/auth/me\",\"status\":\"401\",\"responseTime\":\"0.317\"}","timestamp":"2025-01-30T07:46:48.225Z"}
{"level":"\u001b[32minfo\u001b[39m","message":"{\"method\":\"POST\",\"url\":\"/api/auth/refresh\",\"status\":\"200\",\"responseTime\":\"5.648\"}","timestamp":"2025-01-30T07:46:48.251Z"}
{"level":"\u001b[32minfo\u001b[39m","message":"{\"method\":\"GET\",\"url\":\"/api/auth/me\",\"status\":\"304\",\"responseTime\":\"5.754\"}","timestamp":"2025-01-30T07:46:48.274Z"}
{"level":"\u001b[32minfo\u001b[39m","message":"{\"method\":\"GET\",\"url\":\"/api/auth/me\",\"status\":\"304\",\"responseTime\":\"5.020\"}","timestamp":"2025-01-30T07:46:50.421Z"}
{"level":"\u001b[32minfo\u001b[39m","message":"{\"method\":\"GET\",\"url\":\"/api/auth/me\",\"status\":\"304\",\"responseTime\":\"4.777\"}","timestamp":"2025-01-30T07:46:53.855Z"}
{"level":"\u001b[32minfo\u001b[39m","message":"{\"method\":\"GET\",\"url\":\"/api/auth/me\",\"status\":\"304\",\"responseTime\":\"5.266\"}","timestamp":"2025-01-30T07:46:54.892Z"}
{"level":"\u001b[32minfo\u001b[39m","message":"{\"method\":\"GET\",\"url\":\"/api/auth/me\",\"status\":\"304\",\"responseTime\":\"4.377\"}","timestamp":"2025-01-30T07:46:56.564Z"}
{"level":"\u001b[32minfo\u001b[39m","message":"{\"method\":\"GET\",\"url\":\"/api/auth/me\",\"status\":\"304\",\"responseTime\":\"4.906\"}","timestamp":"2025-01-30T07:46:57.475Z"}
{"level":"\u001b[32minfo\u001b[39m","message":"{\"method\":\"GET\",\"url\":\"/api/auth/me\",\"status\":\"401\",\"responseTime\":\"0.340\"}","timestamp":"2025-01-30T07:47:00.567Z"}
{"level":"\u001b[32minfo\u001b[39m","message":"{\"method\":\"POST\",\"url\":\"/api/auth/refresh\",\"status\":\"200\",\"responseTime\":\"4.927\"}","timestamp":"2025-01-30T07:47:00.586Z"}
{"level":"\u001b[32minfo\u001b[39m","message":"{\"method\":\"GET\",\"url\":\"/api/auth/me\",\"status\":\"304\",\"responseTime\":\"4.134\"}","timestamp":"2025-01-30T07:47:00.604Z"}
{"level":"\u001b[32minfo\u001b[39m","message":"{\"method\":\"GET\",\"url\":\"/api/auth/me\",\"status\":\"401\",\"responseTime\":\"0.479\"}","timestamp":"2025-01-30T07:47:26.216Z"}
{"level":"\u001b[32minfo\u001b[39m","message":"{\"method\":\"POST\",\"url\":\"/api/auth/refresh\",\"status\":\"200\",\"responseTime\":\"4.711\"}","timestamp":"2025-01-30T07:47:26.240Z"}
{"level":"\u001b[32minfo\u001b[39m","message":"{\"method\":\"GET\",\"url\":\"/api/auth/me\",\"status\":\"304\",\"responseTime\":\"22.526\"}","timestamp":"2025-01-30T07:47:26.280Z"}
{"level":"\u001b[32minfo\u001b[39m","message":"{\"method\":\"GET\",\"url\":\"/api/auth/me\",\"status\":\"304\",\"responseTime\":\"5.372\"}","timestamp":"2025-01-30T07:47:33.724Z"}
{"level":"\u001b[32minfo\u001b[39m","message":"{\"method\":\"GET\",\"url\":\"/api/auth/me\",\"status\":\"401\",\"responseTime\":\"0.574\"}","timestamp":"2025-01-30T07:50:57.221Z"}
{"level":"\u001b[32minfo\u001b[39m","message":"{\"method\":\"POST\",\"url\":\"/api/auth/refresh\",\"status\":\"200\",\"responseTime\":\"4.474\"}","timestamp":"2025-01-30T07:50:57.250Z"}
{"level":"\u001b[32minfo\u001b[39m","message":"{\"method\":\"GET\",\"url\":\"/api/auth/me\",\"status\":\"304\",\"responseTime\":\"6.815\"}","timestamp":"2025-01-30T07:50:57.274Z"}
{"level":"\u001b[32minfo\u001b[39m","message":"{\"method\":\"GET\",\"url\":\"/api/auth/me\",\"status\":\"401\",\"responseTime\":\"0.446\"}","timestamp":"2025-01-30T07:51:29.467Z"}
{"level":"\u001b[32minfo\u001b[39m","message":"{\"method\":\"POST\",\"url\":\"/api/auth/refresh\",\"status\":\"200\",\"responseTime\":\"3.988\"}","timestamp":"2025-01-30T07:51:29.488Z"}
{"level":"\u001b[32minfo\u001b[39m","message":"{\"method\":\"GET\",\"url\":\"/api/auth/me\",\"status\":\"304\",\"responseTime\":\"5.425\"}","timestamp":"2025-01-30T07:51:29.511Z"}
{"level":"\u001b[32minfo\u001b[39m","message":"{\"method\":\"GET\",\"url\":\"/api/auth/me\",\"status\":\"304\",\"responseTime\":\"4.848\"}","timestamp":"2025-01-30T07:51:37.076Z"}
{"level":"\u001b[32minfo\u001b[39m","message":"{\"method\":\"GET\",\"url\":\"/api/auth/me\",\"status\":\"401\",\"responseTime\":\"0.356\"}","timestamp":"2025-01-30T07:51:51.989Z"}
{"level":"\u001b[32minfo\u001b[39m","message":"{\"method\":\"POST\",\"url\":\"/api/auth/refresh\",\"status\":\"200\",\"responseTime\":\"6.345\"}","timestamp":"2025-01-30T07:51:52.042Z"}
{"level":"\u001b[32minfo\u001b[39m","message":"{\"method\":\"GET\",\"url\":\"/api/auth/me\",\"status\":\"304\",\"responseTime\":\"5.147\"}","timestamp":"2025-01-30T07:51:52.069Z"}
{"level":"\u001b[32minfo\u001b[39m","message":"{\"method\":\"GET\",\"url\":\"/api/auth/me\",\"status\":\"401\",\"responseTime\":\"0.418\"}","timestamp":"2025-01-30T07:52:21.358Z"}
{"level":"\u001b[32minfo\u001b[39m","message":"{\"method\":\"POST\",\"url\":\"/api/auth/refresh\",\"status\":\"200\",\"responseTime\":\"4.727\"}","timestamp":"2025-01-30T07:52:21.403Z"}
{"level":"\u001b[32minfo\u001b[39m","message":"{\"method\":\"GET\",\"url\":\"/api/auth/me\",\"status\":\"304\",\"responseTime\":\"6.622\"}","timestamp":"2025-01-30T07:52:21.438Z"}
{"level":"\u001b[32minfo\u001b[39m","message":"{\"method\":\"GET\",\"url\":\"/api/auth/me\",\"status\":\"401\",\"responseTime\":\"0.246\"}","timestamp":"2025-01-30T07:52:37.911Z"}
{"level":"\u001b[32minfo\u001b[39m","message":"{\"method\":\"GET\",\"url\":\"/api/auth/me\",\"status\":\"401\",\"responseTime\":\"0.358\"}","timestamp":"2025-01-30T07:52:38.650Z"}
{"level":"\u001b[32minfo\u001b[39m","message":"{\"method\":\"GET\",\"url\":\"/api/auth/me\",\"status\":\"401\",\"responseTime\":\"0.360\"}","timestamp":"2025-01-30T07:52:39.483Z"}
{"level":"\u001b[32minfo\u001b[39m","message":"{\"method\":\"GET\",\"url\":\"/api/auth/me\",\"status\":\"401\",\"responseTime\":\"0.377\"}","timestamp":"2025-01-30T07:52:40.245Z"}
{"level":"\u001b[32minfo\u001b[39m","message":"{\"method\":\"GET\",\"url\":\"/api/auth/me\",\"status\":\"401\",\"responseTime\":\"0.928\"}","timestamp":"2025-01-30T07:52:40.891Z"}
{"level":"\u001b[32minfo\u001b[39m","message":"{\"method\":\"GET\",\"url\":\"/api/auth/me\",\"status\":\"401\",\"responseTime\":\"0.397\"}","timestamp":"2025-01-30T07:52:41.304Z"}
{"level":"\u001b[32minfo\u001b[39m","message":"{\"method\":\"GET\",\"url\":\"/api/auth/me\",\"status\":\"401\",\"responseTime\":\"0.242\"}","timestamp":"2025-01-30T07:52:41.678Z"}
{"level":"\u001b[32minfo\u001b[39m","message":"{\"method\":\"GET\",\"url\":\"/api/auth/me\",\"status\":\"401\",\"responseTime\":\"0.306\"}","timestamp":"2025-01-30T07:52:42.082Z"}
{"level":"\u001b[32minfo\u001b[39m","message":"{\"method\":\"GET\",\"url\":\"/api/auth/me\",\"status\":\"401\",\"responseTime\":\"0.411\"}","timestamp":"2025-01-30T07:52:43.154Z"}
{"level":"\u001b[32minfo\u001b[39m","message":"{\"method\":\"GET\",\"url\":\"/api/auth/me\",\"status\":\"401\",\"responseTime\":\"0.771\"}","timestamp":"2025-01-30T07:52:44.003Z"}
{"level":"\u001b[32minfo\u001b[39m","message":"{\"method\":\"GET\",\"url\":\"/api/auth/me\",\"status\":\"401\",\"responseTime\":\"0.959\"}","timestamp":"2025-01-30T07:52:44.783Z"}
{"level":"\u001b[32minfo\u001b[39m","message":"{\"method\":\"GET\",\"url\":\"/api/auth/me\",\"status\":\"401\",\"responseTime\":\"0.665\"}","timestamp":"2025-01-30T07:52:45.546Z"}
{"level":"\u001b[32minfo\u001b[39m","message":"{\"method\":\"GET\",\"url\":\"/api/auth/me\",\"status\":\"401\",\"responseTime\":\"0.988\"}","timestamp":"2025-01-30T07:52:46.256Z"}
{"level":"\u001b[32minfo\u001b[39m","message":"{\"method\":\"GET\",\"url\":\"/api/auth/me\",\"status\":\"401\",\"responseTime\":\"0.404\"}","timestamp":"2025-01-30T07:52:46.950Z"}
{"level":"\u001b[32minfo\u001b[39m","message":"{\"method\":\"GET\",\"url\":\"/api/auth/me\",\"status\":\"401\",\"responseTime\":\"0.411\"}","timestamp":"2025-01-30T07:52:47.681Z"}
{"level":"\u001b[32minfo\u001b[39m","message":"{\"method\":\"GET\",\"url\":\"/api/auth/me\",\"status\":\"401\",\"responseTime\":\"0.526\"}","timestamp":"2025-01-30T07:52:48.398Z"}
{"level":"\u001b[32minfo\u001b[39m","message":"{\"method\":\"GET\",\"url\":\"/api/auth/me\",\"status\":\"401\",\"responseTime\":\"0.412\"}","timestamp":"2025-01-30T07:52:49.102Z"}
{"level":"\u001b[32minfo\u001b[39m","message":"{\"method\":\"GET\",\"url\":\"/api/auth/me\",\"status\":\"401\",\"responseTime\":\"0.465\"}","timestamp":"2025-01-30T07:52:49.817Z"}
{"level":"\u001b[32minfo\u001b[39m","message":"{\"method\":\"GET\",\"url\":\"/api/auth/me\",\"status\":\"401\",\"responseTime\":\"0.335\"}","timestamp":"2025-01-30T07:52:50.515Z"}
{"level":"\u001b[32minfo\u001b[39m","message":"{\"method\":\"GET\",\"url\":\"/api/auth/me\",\"status\":\"401\",\"responseTime\":\"0.534\"}","timestamp":"2025-01-30T07:52:51.235Z"}
{"level":"\u001b[32minfo\u001b[39m","message":"{\"method\":\"GET\",\"url\":\"/api/auth/me\",\"status\":\"401\",\"responseTime\":\"0.550\"}","timestamp":"2025-01-30T07:52:51.955Z"}
{"level":"\u001b[32minfo\u001b[39m","message":"{\"method\":\"GET\",\"url\":\"/api/auth/me\",\"status\":\"401\",\"responseTime\":\"0.523\"}","timestamp":"2025-01-30T07:52:52.650Z"}
{"level":"\u001b[32minfo\u001b[39m","message":"{\"method\":\"GET\",\"url\":\"/api/auth/me\",\"status\":\"401\",\"responseTime\":\"0.447\"}","timestamp":"2025-01-30T07:52:53.451Z"}
{"level":"\u001b[32minfo\u001b[39m","message":"{\"method\":\"GET\",\"url\":\"/api/auth/me\",\"status\":\"401\",\"responseTime\":\"0.511\"}","timestamp":"2025-01-30T07:52:54.286Z"}
{"level":"\u001b[32minfo\u001b[39m","message":"{\"method\":\"GET\",\"url\":\"/api/auth/me\",\"status\":\"401\",\"responseTime\":\"0.799\"}","timestamp":"2025-01-30T07:52:55.023Z"}
{"level":"\u001b[32minfo\u001b[39m","message":"{\"method\":\"GET\",\"url\":\"/api/auth/me\",\"status\":\"401\",\"responseTime\":\"0.626\"}","timestamp":"2025-01-30T07:52:55.692Z"}
{"level":"\u001b[32minfo\u001b[39m","message":"{\"method\":\"GET\",\"url\":\"/api/auth/me\",\"status\":\"401\",\"responseTime\":\"0.546\"}","timestamp":"2025-01-30T07:52:56.425Z"}
{"level":"\u001b[32minfo\u001b[39m","message":"{\"method\":\"GET\",\"url\":\"/api/auth/me\",\"status\":\"401\",\"responseTime\":\"0.338\"}","timestamp":"2025-01-30T07:52:57.163Z"}
{"level":"\u001b[32minfo\u001b[39m","message":"{\"method\":\"GET\",\"url\":\"/api/auth/me\",\"status\":\"401\",\"responseTime\":\"0.508\"}","timestamp":"2025-01-30T07:52:57.901Z"}
{"level":"\u001b[32minfo\u001b[39m","message":"{\"method\":\"GET\",\"url\":\"/api/auth/me\",\"status\":\"401\",\"responseTime\":\"0.682\"}","timestamp":"2025-01-30T07:52:58.632Z"}
{"level":"\u001b[32minfo\u001b[39m","message":"{\"method\":\"GET\",\"url\":\"/api/auth/me\",\"status\":\"401\",\"responseTime\":\"0.474\"}","timestamp":"2025-01-30T07:52:59.356Z"}
{"level":"\u001b[32minfo\u001b[39m","message":"{\"method\":\"GET\",\"url\":\"/api/auth/me\",\"status\":\"401\",\"responseTime\":\"0.390\"}","timestamp":"2025-01-30T07:53:00.074Z"}
{"level":"\u001b[32minfo\u001b[39m","message":"{\"method\":\"GET\",\"url\":\"/api/auth/me\",\"status\":\"401\",\"responseTime\":\"0.342\"}","timestamp":"2025-01-30T07:53:00.751Z"}
{"level":"\u001b[32minfo\u001b[39m","message":"{\"method\":\"GET\",\"url\":\"/api/auth/me\",\"status\":\"401\",\"responseTime\":\"0.395\"}","timestamp":"2025-01-30T07:53:01.456Z"}
{"level":"\u001b[32minfo\u001b[39m","message":"{\"method\":\"GET\",\"url\":\"/api/auth/me\",\"status\":\"401\",\"responseTime\":\"0.343\"}","timestamp":"2025-01-30T07:53:02.170Z"}
{"level":"\u001b[32minfo\u001b[39m","message":"{\"method\":\"GET\",\"url\":\"/api/auth/me\",\"status\":\"401\",\"responseTime\":\"0.610\"}","timestamp":"2025-01-30T07:53:02.878Z"}
{"level":"\u001b[32minfo\u001b[39m","message":"{\"method\":\"GET\",\"url\":\"/api/auth/me\",\"status\":\"401\",\"responseTime\":\"0.348\"}","timestamp":"2025-01-30T07:53:03.589Z"}
{"level":"\u001b[32minfo\u001b[39m","message":"{\"method\":\"GET\",\"url\":\"/api/auth/me\",\"status\":\"401\",\"responseTime\":\"0.312\"}","timestamp":"2025-01-30T07:53:04.307Z"}
{"level":"\u001b[32minfo\u001b[39m","message":"{\"method\":\"GET\",\"url\":\"/api/auth/me\",\"status\":\"401\",\"responseTime\":\"0.399\"}","timestamp":"2025-01-30T07:53:05.063Z"}
{"level":"\u001b[32minfo\u001b[39m","message":"{\"method\":\"GET\",\"url\":\"/api/auth/me\",\"status\":\"401\",\"responseTime\":\"0.468\"}","timestamp":"2025-01-30T07:53:05.764Z"}
{"level":"\u001b[32minfo\u001b[39m","message":"{\"method\":\"GET\",\"url\":\"/api/auth/me\",\"status\":\"401\",\"responseTime\":\"0.322\"}","timestamp":"2025-01-30T07:53:07.557Z"}
{"level":"\u001b[32minfo\u001b[39m","message":"{\"method\":\"GET\",\"url\":\"/api/auth/me\",\"status\":\"401\",\"responseTime\":\"0.292\"}","timestamp":"2025-01-30T07:53:10.444Z"}
{"level":"\u001b[32minfo\u001b[39m","message":"{\"method\":\"GET\",\"url\":\"/api/auth/me\",\"status\":\"401\",\"responseTime\":\"0.507\"}","timestamp":"2025-01-30T07:53:13.306Z"}
{"level":"\u001b[32minfo\u001b[39m","message":"{\"method\":\"GET\",\"url\":\"/api/auth/me\",\"status\":\"401\",\"responseTime\":\"0.308\"}","timestamp":"2025-01-30T07:53:15.761Z"}
{"level":"\u001b[32minfo\u001b[39m","message":"{\"method\":\"GET\",\"url\":\"/api/auth/me\",\"status\":\"401\",\"responseTime\":\"0.240\"}","timestamp":"2025-01-30T07:53:18.319Z"}
{"level":"\u001b[32minfo\u001b[39m","message":"{\"method\":\"GET\",\"url\":\"/api/auth/me\",\"status\":\"401\",\"responseTime\":\"0.246\"}","timestamp":"2025-01-30T07:53:20.619Z"}
{"level":"\u001b[32minfo\u001b[39m","message":"{\"method\":\"GET\",\"url\":\"/api/auth/me\",\"status\":\"401\",\"responseTime\":\"0.233\"}","timestamp":"2025-01-30T07:53:22.208Z"}
{"level":"\u001b[32minfo\u001b[39m","message":"{\"method\":\"GET\",\"url\":\"/api/auth/me\",\"status\":\"401\",\"responseTime\":\"0.239\"}","timestamp":"2025-01-30T07:53:23.846Z"}
{"level":"\u001b[32minfo\u001b[39m","message":"{\"method\":\"GET\",\"url\":\"/api/auth/me\",\"status\":\"401\",\"responseTime\":\"0.335\"}","timestamp":"2025-01-30T07:53:25.472Z"}
{"level":"\u001b[32minfo\u001b[39m","message":"{\"method\":\"GET\",\"url\":\"/api/auth/me\",\"status\":\"401\",\"responseTime\":\"0.280\"}","timestamp":"2025-01-30T07:53:27.138Z"}
{"level":"\u001b[32minfo\u001b[39m","message":"{\"method\":\"GET\",\"url\":\"/api/auth/me\",\"status\":\"401\",\"responseTime\":\"0.263\"}","timestamp":"2025-01-30T07:53:28.651Z"}
{"level":"\u001b[32minfo\u001b[39m","message":"{\"method\":\"GET\",\"url\":\"/api/auth/me\",\"status\":\"401\",\"responseTime\":\"0.231\"}","timestamp":"2025-01-30T07:53:30.268Z"}
{"level":"\u001b[32minfo\u001b[39m","message":"{\"method\":\"GET\",\"url\":\"/api/auth/me\",\"status\":\"401\",\"responseTime\":\"0.235\"}","timestamp":"2025-01-30T07:53:31.817Z"}
{"level":"\u001b[32minfo\u001b[39m","message":"{\"method\":\"GET\",\"url\":\"/api/auth/me\",\"status\":\"401\",\"responseTime\":\"0.327\"}","timestamp":"2025-01-30T07:53:33.486Z"}
{"level":"\u001b[32minfo\u001b[39m","message":"{\"method\":\"GET\",\"url\":\"/api/auth/me\",\"status\":\"401\",\"responseTime\":\"0.337\"}","timestamp":"2025-01-30T07:53:35.167Z"}
{"level":"\u001b[32minfo\u001b[39m","message":"{\"method\":\"GET\",\"url\":\"/api/auth/me\",\"status\":\"401\",\"responseTime\":\"0.240\"}","timestamp":"2025-01-30T07:53:36.722Z"}
{"level":"\u001b[32minfo\u001b[39m","message":"{\"method\":\"GET\",\"url\":\"/api/auth/me\",\"status\":\"401\",\"responseTime\":\"0.222\"}","timestamp":"2025-01-30T07:53:38.428Z"}
{"level":"\u001b[32minfo\u001b[39m","message":"{\"method\":\"GET\",\"url\":\"/api/auth/me\",\"status\":\"401\",\"responseTime\":\"0.419\"}","timestamp":"2025-01-30T07:53:39.802Z"}
{"level":"\u001b[32minfo\u001b[39m","message":"{\"method\":\"GET\",\"url\":\"/api/auth/me\",\"status\":\"401\",\"responseTime\":\"0.399\"}","timestamp":"2025-01-30T07:53:40.513Z"}
{"level":"\u001b[32minfo\u001b[39m","message":"{\"method\":\"GET\",\"url\":\"/api/auth/me\",\"status\":\"401\",\"responseTime\":\"0.484\"}","timestamp":"2025-01-30T07:53:41.282Z"}
{"level":"\u001b[32minfo\u001b[39m","message":"{\"method\":\"GET\",\"url\":\"/api/auth/me\",\"status\":\"401\",\"responseTime\":\"0.350\"}","timestamp":"2025-01-30T07:53:42.093Z"}
{"level":"\u001b[32minfo\u001b[39m","message":"{\"method\":\"GET\",\"url\":\"/api/auth/me\",\"status\":\"401\",\"responseTime\":\"0.401\"}","timestamp":"2025-01-30T07:53:42.880Z"}
{"level":"\u001b[32minfo\u001b[39m","message":"{\"method\":\"GET\",\"url\":\"/api/auth/me\",\"status\":\"401\",\"responseTime\":\"0.438\"}","timestamp":"2025-01-30T07:53:43.657Z"}
{"level":"\u001b[32minfo\u001b[39m","message":"{\"method\":\"GET\",\"url\":\"/api/auth/me\",\"status\":\"401\",\"responseTime\":\"0.394\"}","timestamp":"2025-01-30T07:53:44.403Z"}
{"level":"\u001b[32minfo\u001b[39m","message":"{\"method\":\"GET\",\"url\":\"/api/auth/me\",\"status\":\"401\",\"responseTime\":\"0.350\"}","timestamp":"2025-01-30T07:53:45.136Z"}
{"level":"\u001b[32minfo\u001b[39m","message":"{\"method\":\"GET\",\"url\":\"/api/auth/me\",\"status\":\"401\",\"responseTime\":\"0.477\"}","timestamp":"2025-01-30T07:53:45.938Z"}
{"level":"\u001b[32minfo\u001b[39m","message":"{\"method\":\"GET\",\"url\":\"/api/auth/me\",\"status\":\"401\",\"responseTime\":\"0.474\"}","timestamp":"2025-01-30T07:53:46.832Z"}
{"level":"\u001b[32minfo\u001b[39m","message":"{\"method\":\"GET\",\"url\":\"/api/auth/me\",\"status\":\"401\",\"responseTime\":\"0.333\"}","timestamp":"2025-01-30T07:53:47.592Z"}
{"level":"\u001b[32minfo\u001b[39m","message":"{\"method\":\"GET\",\"url\":\"/api/auth/me\",\"status\":\"401\",\"responseTime\":\"0.362\"}","timestamp":"2025-01-30T07:53:48.341Z"}
{"level":"\u001b[32minfo\u001b[39m","message":"{\"method\":\"GET\",\"url\":\"/api/auth/me\",\"status\":\"401\",\"responseTime\":\"0.561\"}","timestamp":"2025-01-30T07:53:49.079Z"}
{"level":"\u001b[32minfo\u001b[39m","message":"{\"method\":\"GET\",\"url\":\"/api/auth/me\",\"status\":\"401\",\"responseTime\":\"0.327\"}","timestamp":"2025-01-30T07:53:49.900Z"}
{"level":"\u001b[32minfo\u001b[39m","message":"{\"method\":\"GET\",\"url\":\"/api/auth/me\",\"status\":\"401\",\"responseTime\":\"0.263\"}","timestamp":"2025-01-30T07:53:51.048Z"}
{"level":"\u001b[32minfo\u001b[39m","message":"{\"method\":\"GET\",\"url\":\"/api/auth/me\",\"status\":\"401\",\"responseTime\":\"0.291\"}","timestamp":"2025-01-30T07:53:52.809Z"}
{"level":"\u001b[32minfo\u001b[39m","message":"{\"method\":\"GET\",\"url\":\"/api/auth/me\",\"status\":\"401\",\"responseTime\":\"0.232\"}","timestamp":"2025-01-30T07:53:54.483Z"}
{"level":"\u001b[32minfo\u001b[39m","message":"{\"method\":\"GET\",\"url\":\"/api/auth/me\",\"status\":\"401\",\"responseTime\":\"0.361\"}","timestamp":"2025-01-30T07:53:55.771Z"}
{"level":"\u001b[32minfo\u001b[39m","message":"{\"method\":\"GET\",\"url\":\"/api/auth/me\",\"status\":\"401\",\"responseTime\":\"0.466\"}","timestamp":"2025-01-30T07:53:56.778Z"}
{"level":"\u001b[32minfo\u001b[39m","message":"{\"method\":\"GET\",\"url\":\"/api/auth/me\",\"status\":\"401\",\"responseTime\":\"0.433\"}","timestamp":"2025-01-30T07:53:57.564Z"}
{"level":"\u001b[32minfo\u001b[39m","message":"{\"method\":\"GET\",\"url\":\"/api/auth/me\",\"status\":\"401\",\"responseTime\":\"0.288\"}","timestamp":"2025-01-30T07:53:58.313Z"}
{"level":"\u001b[32minfo\u001b[39m","message":"{\"method\":\"GET\",\"url\":\"/api/auth/me\",\"status\":\"401\",\"responseTime\":\"0.215\"}","timestamp":"2025-01-30T07:53:59.661Z"}
{"level":"\u001b[32minfo\u001b[39m","message":"{\"method\":\"GET\",\"url\":\"/api/auth/me\",\"status\":\"401\",\"responseTime\":\"0.265\"}","timestamp":"2025-01-30T07:54:01.963Z"}
{"level":"\u001b[32minfo\u001b[39m","message":"{\"method\":\"GET\",\"url\":\"/api/auth/me\",\"status\":\"401\",\"responseTime\":\"0.248\"}","timestamp":"2025-01-30T07:54:05.479Z"}
{"level":"\u001b[32minfo\u001b[39m","message":"{\"method\":\"GET\",\"url\":\"/api/auth/me\",\"status\":\"401\",\"responseTime\":\"0.378\"}","timestamp":"2025-01-30T07:54:08.643Z"}
{"level":"\u001b[32minfo\u001b[39m","message":"{\"method\":\"GET\",\"url\":\"/api/auth/me\",\"status\":\"401\",\"responseTime\":\"0.833\"}","timestamp":"2025-01-30T07:54:10.778Z"}
{"level":"\u001b[32minfo\u001b[39m","message":"{\"method\":\"GET\",\"url\":\"/api/auth/me\",\"status\":\"401\",\"responseTime\":\"0.236\"}","timestamp":"2025-01-30T07:54:12.770Z"}
{"level":"\u001b[32minfo\u001b[39m","message":"{\"method\":\"GET\",\"url\":\"/api/auth/me\",\"status\":\"401\",\"responseTime\":\"0.332\"}","timestamp":"2025-01-30T07:54:14.420Z"}
{"level":"\u001b[32minfo\u001b[39m","message":"{\"method\":\"GET\",\"url\":\"/api/auth/me\",\"status\":\"401\",\"responseTime\":\"0.399\"}","timestamp":"2025-01-30T07:54:16.331Z"}
{"level":"\u001b[32minfo\u001b[39m","message":"{\"method\":\"GET\",\"url\":\"/api/auth/me\",\"status\":\"401\",\"responseTime\":\"0.225\"}","timestamp":"2025-01-30T07:54:18.077Z"}
{"level":"\u001b[32minfo\u001b[39m","message":"{\"method\":\"GET\",\"url\":\"/api/auth/me\",\"status\":\"401\",\"responseTime\":\"0.263\"}","timestamp":"2025-01-30T07:54:20.074Z"}
{"level":"\u001b[32minfo\u001b[39m","message":"{\"method\":\"GET\",\"url\":\"/api/auth/me\",\"status\":\"401\",\"responseTime\":\"0.235\"}","timestamp":"2025-01-30T07:54:21.733Z"}
{"level":"\u001b[32minfo\u001b[39m","message":"{\"method\":\"GET\",\"url\":\"/api/auth/me\",\"status\":\"401\",\"responseTime\":\"0.236\"}","timestamp":"2025-01-30T07:54:23.346Z"}
{"level":"\u001b[32minfo\u001b[39m","message":"{\"method\":\"GET\",\"url\":\"/api/auth/me\",\"status\":\"401\",\"responseTime\":\"0.247\"}","timestamp":"2025-01-30T07:54:25.109Z"}
{"level":"\u001b[32minfo\u001b[39m","message":"{\"method\":\"GET\",\"url\":\"/api/auth/me\",\"status\":\"401\",\"responseTime\":\"0.428\"}","timestamp":"2025-01-30T07:54:26.700Z"}
{"level":"\u001b[32minfo\u001b[39m","message":"{\"method\":\"GET\",\"url\":\"/api/auth/me\",\"status\":\"401\",\"responseTime\":\"0.364\"}","timestamp":"2025-01-30T07:54:27.953Z"}
{"level":"\u001b[32minfo\u001b[39m","message":"{\"method\":\"GET\",\"url\":\"/api/auth/me\",\"status\":\"401\",\"responseTime\":\"0.339\"}","timestamp":"2025-01-30T07:54:28.650Z"}
{"level":"\u001b[32minfo\u001b[39m","message":"{\"method\":\"GET\",\"url\":\"/api/auth/me\",\"status\":\"401\",\"responseTime\":\"0.365\"}","timestamp":"2025-01-30T07:54:29.438Z"}
{"level":"\u001b[32minfo\u001b[39m","message":"{\"method\":\"GET\",\"url\":\"/api/auth/me\",\"status\":\"401\",\"responseTime\":\"0.474\"}","timestamp":"2025-01-30T07:54:30.121Z"}
{"level":"\u001b[32minfo\u001b[39m","message":"{\"method\":\"GET\",\"url\":\"/api/auth/me\",\"status\":\"401\",\"responseTime\":\"0.323\"}","timestamp":"2025-01-30T07:54:30.794Z"}
{"level":"\u001b[32minfo\u001b[39m","message":"{\"method\":\"GET\",\"url\":\"/api/auth/me\",\"status\":\"401\",\"responseTime\":\"0.357\"}","timestamp":"2025-01-30T07:54:31.581Z"}
{"level":"\u001b[32minfo\u001b[39m","message":"{\"method\":\"GET\",\"url\":\"/api/auth/me\",\"status\":\"401\",\"responseTime\":\"0.454\"}","timestamp":"2025-01-30T07:54:32.310Z"}
{"level":"\u001b[32minfo\u001b[39m","message":"{\"method\":\"GET\",\"url\":\"/api/auth/me\",\"status\":\"401\",\"responseTime\":\"0.427\"}","timestamp":"2025-01-30T07:54:33.080Z"}
{"level":"\u001b[32minfo\u001b[39m","message":"{\"method\":\"GET\",\"url\":\"/api/auth/me\",\"status\":\"401\",\"responseTime\":\"0.279\"}","timestamp":"2025-01-30T07:54:33.824Z"}
{"level":"\u001b[32minfo\u001b[39m","message":"{\"method\":\"GET\",\"url\":\"/api/auth/me\",\"status\":\"401\",\"responseTime\":\"0.260\"}","timestamp":"2025-01-30T07:54:35.033Z"}
{"level":"\u001b[32minfo\u001b[39m","message":"{\"method\":\"GET\",\"url\":\"/api/auth/me\",\"status\":\"401\",\"responseTime\":\"0.266\"}","timestamp":"2025-01-30T07:54:37.912Z"}
{"level":"\u001b[32minfo\u001b[39m","message":"{\"method\":\"GET\",\"url\":\"/api/auth/me\",\"status\":\"401\",\"responseTime\":\"0.379\"}","timestamp":"2025-01-30T07:54:41.365Z"}
{"level":"\u001b[32minfo\u001b[39m","message":"{\"method\":\"GET\",\"url\":\"/api/auth/me\",\"status\":\"401\",\"responseTime\":\"0.239\"}","timestamp":"2025-01-30T07:54:44.019Z"}
{"level":"\u001b[32minfo\u001b[39m","message":"{\"method\":\"GET\",\"url\":\"/api/auth/me\",\"status\":\"401\",\"responseTime\":\"0.336\"}","timestamp":"2025-01-30T07:54:45.528Z"}
{"level":"\u001b[32minfo\u001b[39m","message":"{\"method\":\"GET\",\"url\":\"/api/auth/me\",\"status\":\"401\",\"responseTime\":\"0.342\"}","timestamp":"2025-01-30T07:54:46.602Z"}
{"level":"\u001b[32minfo\u001b[39m","message":"{\"method\":\"GET\",\"url\":\"/api/auth/me\",\"status\":\"401\",\"responseTime\":\"0.277\"}","timestamp":"2025-01-30T07:54:47.486Z"}
{"level":"\u001b[32minfo\u001b[39m","message":"{\"method\":\"GET\",\"url\":\"/api/auth/me\",\"status\":\"401\",\"responseTime\":\"0.462\"}","timestamp":"2025-01-30T07:54:48.344Z"}
{"level":"\u001b[32minfo\u001b[39m","message":"{\"method\":\"GET\",\"url\":\"/api/auth/me\",\"status\":\"401\",\"responseTime\":\"0.226\"}","timestamp":"2025-01-30T07:54:49.281Z"}
{"level":"\u001b[32minfo\u001b[39m","message":"{\"method\":\"GET\",\"url\":\"/api/auth/me\",\"status\":\"401\",\"responseTime\":\"0.215\"}","timestamp":"2025-01-30T07:54:51.613Z"}
{"level":"\u001b[32minfo\u001b[39m","message":"{\"method\":\"GET\",\"url\":\"/api/auth/me\",\"status\":\"401\",\"responseTime\":\"0.218\"}","timestamp":"2025-01-30T07:54:53.654Z"}
{"level":"\u001b[32minfo\u001b[39m","message":"{\"method\":\"GET\",\"url\":\"/api/auth/me\",\"status\":\"401\",\"responseTime\":\"0.282\"}","timestamp":"2025-01-30T07:54:55.726Z"}
{"level":"\u001b[32minfo\u001b[39m","message":"{\"method\":\"GET\",\"url\":\"/api/auth/me\",\"status\":\"401\",\"responseTime\":\"0.905\"}","timestamp":"2025-01-30T07:54:57.767Z"}
{"level":"\u001b[32minfo\u001b[39m","message":"{\"method\":\"GET\",\"url\":\"/api/auth/me\",\"status\":\"401\",\"responseTime\":\"0.218\"}","timestamp":"2025-01-30T07:54:59.546Z"}
{"level":"\u001b[32minfo\u001b[39m","message":"{\"method\":\"GET\",\"url\":\"/api/auth/me\",\"status\":\"401\",\"responseTime\":\"0.228\"}","timestamp":"2025-01-30T07:55:01.273Z"}
{"level":"\u001b[32minfo\u001b[39m","message":"{\"method\":\"GET\",\"url\":\"/api/auth/me\",\"status\":\"401\",\"responseTime\":\"0.233\"}","timestamp":"2025-01-30T07:55:03.173Z"}
{"level":"\u001b[32minfo\u001b[39m","message":"{\"method\":\"GET\",\"url\":\"/api/auth/me\",\"status\":\"401\",\"responseTime\":\"0.331\"}","timestamp":"2025-01-30T07:55:04.373Z"}
{"level":"\u001b[32minfo\u001b[39m","message":"{\"method\":\"GET\",\"url\":\"/api/auth/me\",\"status\":\"401\",\"responseTime\":\"0.357\"}","timestamp":"2025-01-30T07:55:05.117Z"}
{"level":"\u001b[32minfo\u001b[39m","message":"{\"method\":\"GET\",\"url\":\"/api/auth/me\",\"status\":\"401\",\"responseTime\":\"0.239\"}","timestamp":"2025-01-30T07:55:06.033Z"}
{"level":"\u001b[32minfo\u001b[39m","message":"{\"method\":\"GET\",\"url\":\"/api/auth/me\",\"status\":\"401\",\"responseTime\":\"0.253\"}","timestamp":"2025-01-30T07:55:07.720Z"}
{"level":"\u001b[32minfo\u001b[39m","message":"{\"method\":\"GET\",\"url\":\"/api/auth/me\",\"status\":\"401\",\"responseTime\":\"0.491\"}","timestamp":"2025-01-30T07:55:09.427Z"}
{"level":"\u001b[32minfo\u001b[39m","message":"{\"method\":\"GET\",\"url\":\"/api/auth/me\",\"status\":\"401\",\"responseTime\":\"0.345\"}","timestamp":"2025-01-30T07:55:10.775Z"}
{"level":"\u001b[32minfo\u001b[39m","message":"{\"method\":\"GET\",\"url\":\"/api/auth/me\",\"status\":\"401\",\"responseTime\":\"0.240\"}","timestamp":"2025-01-30T07:55:12.251Z"}
{"level":"\u001b[32minfo\u001b[39m","message":"{\"method\":\"GET\",\"url\":\"/api/auth/me\",\"status\":\"401\",\"responseTime\":\"0.222\"}","timestamp":"2025-01-30T07:55:13.667Z"}
{"level":"\u001b[32minfo\u001b[39m","message":"{\"method\":\"GET\",\"url\":\"/api/auth/me\",\"status\":\"401\",\"responseTime\":\"0.243\"}","timestamp":"2025-01-30T07:55:15.051Z"}
{"level":"\u001b[32minfo\u001b[39m","message":"{\"method\":\"GET\",\"url\":\"/api/auth/me\",\"status\":\"401\",\"responseTime\":\"0.295\"}","timestamp":"2025-01-30T07:55:16.851Z"}
{"level":"\u001b[32minfo\u001b[39m","message":"{\"method\":\"GET\",\"url\":\"/api/auth/me\",\"status\":\"401\",\"responseTime\":\"0.253\"}","timestamp":"2025-01-30T07:55:18.826Z"}
{"level":"\u001b[32minfo\u001b[39m","message":"{\"method\":\"GET\",\"url\":\"/api/auth/me\",\"status\":\"401\",\"responseTime\":\"0.778\"}","timestamp":"2025-01-30T07:55:20.858Z"}
{"level":"\u001b[32minfo\u001b[39m","message":"{\"method\":\"GET\",\"url\":\"/api/auth/me\",\"status\":\"401\",\"responseTime\":\"0.240\"}","timestamp":"2025-01-30T07:55:21.878Z"}
{"level":"\u001b[32minfo\u001b[39m","message":"{\"method\":\"GET\",\"url\":\"/api/auth/me\",\"status\":\"401\",\"responseTime\":\"0.308\"}","timestamp":"2025-01-30T07:55:23.711Z"}
{"level":"\u001b[32minfo\u001b[39m","message":"{\"method\":\"GET\",\"url\":\"/api/auth/me\",\"status\":\"401\",\"responseTime\":\"0.511\"}","timestamp":"2025-01-30T07:55:24.552Z"}
{"level":"\u001b[32minfo\u001b[39m","message":"{\"method\":\"GET\",\"url\":\"/api/auth/me\",\"status\":\"401\",\"responseTime\":\"0.246\"}","timestamp":"2025-01-30T07:55:25.388Z"}
{"level":"\u001b[32minfo\u001b[39m","message":"{\"method\":\"GET\",\"url\":\"/api/auth/me\",\"status\":\"401\",\"responseTime\":\"0.248\"}","timestamp":"2025-01-30T07:55:26.737Z"}
{"level":"\u001b[32minfo\u001b[39m","message":"{\"method\":\"GET\",\"url\":\"/api/auth/me\",\"status\":\"401\",\"responseTime\":\"0.229\"}","timestamp":"2025-01-30T07:55:28.214Z"}
{"level":"\u001b[32minfo\u001b[39m","message":"{\"method\":\"GET\",\"url\":\"/api/auth/me\",\"status\":\"401\",\"responseTime\":\"0.249\"}","timestamp":"2025-01-30T07:55:29.601Z"}
{"level":"\u001b[32minfo\u001b[39m","message":"{\"method\":\"GET\",\"url\":\"/api/auth/me\",\"status\":\"401\",\"responseTime\":\"0.239\"}","timestamp":"2025-01-30T07:55:31.127Z"}
{"level":"\u001b[32minfo\u001b[39m","message":"{\"method\":\"GET\",\"url\":\"/api/auth/me\",\"status\":\"401\",\"responseTime\":\"0.254\"}","timestamp":"2025-01-30T07:55:33.050Z"}
{"level":"\u001b[32minfo\u001b[39m","message":"{\"method\":\"GET\",\"url\":\"/api/auth/me\",\"status\":\"401\",\"responseTime\":\"0.949\"}","timestamp":"2025-01-30T07:55:34.870Z"}
{"level":"\u001b[32minfo\u001b[39m","message":"{\"method\":\"GET\",\"url\":\"/api/auth/me\",\"status\":\"401\",\"responseTime\":\"0.513\"}","timestamp":"2025-01-30T07:55:36.193Z"}
{"level":"\u001b[32minfo\u001b[39m","message":"{\"method\":\"GET\",\"url\":\"/api/auth/me\",\"status\":\"401\",\"responseTime\":\"0.291\"}","timestamp":"2025-01-30T07:55:42.449Z"}
{"level":"\u001b[32minfo\u001b[39m","message":"{\"method\":\"GET\",\"url\":\"/api/auth/me\",\"status\":\"401\",\"responseTime\":\"0.587\"}","timestamp":"2025-01-30T07:55:43.593Z"}
{"level":"\u001b[32minfo\u001b[39m","message":"{\"method\":\"GET\",\"url\":\"/api/auth/me\",\"status\":\"401\",\"responseTime\":\"0.384\"}","timestamp":"2025-01-30T07:55:44.500Z"}
{"level":"\u001b[32minfo\u001b[39m","message":"{\"method\":\"GET\",\"url\":\"/api/auth/me\",\"status\":\"401\",\"responseTime\":\"0.252\"}","timestamp":"2025-01-30T07:55:46.122Z"}
{"level":"\u001b[32minfo\u001b[39m","message":"{\"method\":\"GET\",\"url\":\"/api/auth/me\",\"status\":\"401\",\"responseTime\":\"0.288\"}","timestamp":"2025-01-30T07:55:47.252Z"}
{"level":"\u001b[32minfo\u001b[39m","message":"{\"method\":\"GET\",\"url\":\"/api/auth/me\",\"status\":\"401\",\"responseTime\":\"0.531\"}","timestamp":"2025-01-30T07:55:48.588Z"}
{"level":"\u001b[32minfo\u001b[39m","message":"{\"method\":\"GET\",\"url\":\"/api/auth/me\",\"status\":\"401\",\"responseTime\":\"0.503\"}","timestamp":"2025-01-30T07:55:49.843Z"}
{"level":"\u001b[32minfo\u001b[39m","message":"{\"method\":\"GET\",\"url\":\"/api/auth/me\",\"status\":\"401\",\"responseTime\":\"0.376\"}","timestamp":"2025-01-30T07:55:51.062Z"}
{"level":"\u001b[32minfo\u001b[39m","message":"{\"method\":\"GET\",\"url\":\"/api/auth/me\",\"status\":\"401\",\"responseTime\":\"0.529\"}","timestamp":"2025-01-30T07:55:52.294Z"}
{"level":"\u001b[32minfo\u001b[39m","message":"{\"method\":\"GET\",\"url\":\"/api/auth/me\",\"status\":\"401\",\"responseTime\":\"0.260\"}","timestamp":"2025-01-30T07:55:53.945Z"}
{"level":"\u001b[32minfo\u001b[39m","message":"{\"method\":\"GET\",\"url\":\"/api/auth/me\",\"status\":\"401\",\"responseTime\":\"0.372\"}","timestamp":"2025-01-30T07:55:55.195Z"}
{"level":"\u001b[32minfo\u001b[39m","message":"{\"method\":\"GET\",\"url\":\"/api/auth/me\",\"status\":\"401\",\"responseTime\":\"0.620\"}","timestamp":"2025-01-30T07:55:56.325Z"}
{"level":"\u001b[32minfo\u001b[39m","message":"{\"method\":\"GET\",\"url\":\"/api/auth/me\",\"status\":\"401\",\"responseTime\":\"0.617\"}","timestamp":"2025-01-30T07:55:57.133Z"}
{"level":"\u001b[32minfo\u001b[39m","message":"{\"method\":\"GET\",\"url\":\"/api/auth/me\",\"status\":\"401\",\"responseTime\":\"0.473\"}","timestamp":"2025-01-30T07:55:57.978Z"}
{"level":"\u001b[32minfo\u001b[39m","message":"{\"method\":\"GET\",\"url\":\"/api/auth/me\",\"status\":\"401\",\"responseTime\":\"0.368\"}","timestamp":"2025-01-30T07:55:59.374Z"}
{"level":"\u001b[32minfo\u001b[39m","message":"{\"method\":\"GET\",\"url\":\"/api/auth/me\",\"status\":\"401\",\"responseTime\":\"0.210\"}","timestamp":"2025-01-30T07:56:01.016Z"}
{"level":"\u001b[32minfo\u001b[39m","message":"{\"method\":\"GET\",\"url\":\"/api/auth/me\",\"status\":\"401\",\"responseTime\":\"0.232\"}","timestamp":"2025-01-30T07:56:02.479Z"}
{"level":"\u001b[32minfo\u001b[39m","message":"{\"method\":\"GET\",\"url\":\"/api/auth/me\",\"status\":\"401\",\"responseTime\":\"0.237\"}","timestamp":"2025-01-30T07:56:03.957Z"}
{"level":"\u001b[32minfo\u001b[39m","message":"{\"method\":\"GET\",\"url\":\"/api/auth/me\",\"status\":\"401\",\"responseTime\":\"0.307\"}","timestamp":"2025-01-30T07:56:05.578Z"}
{"level":"\u001b[32minfo\u001b[39m","message":"{\"method\":\"GET\",\"url\":\"/api/auth/me\",\"status\":\"401\",\"responseTime\":\"0.240\"}","timestamp":"2025-01-30T07:56:07.220Z"}
{"level":"\u001b[32minfo\u001b[39m","message":"{\"method\":\"GET\",\"url\":\"/api/auth/me\",\"status\":\"401\",\"responseTime\":\"0.495\"}","timestamp":"2025-01-30T07:56:08.993Z"}
{"level":"\u001b[32minfo\u001b[39m","message":"{\"method\":\"GET\",\"url\":\"/api/auth/me\",\"status\":\"401\",\"responseTime\":\"0.224\"}","timestamp":"2025-01-30T07:56:10.589Z"}
{"level":"\u001b[32minfo\u001b[39m","message":"{\"method\":\"GET\",\"url\":\"/api/auth/me\",\"status\":\"401\",\"responseTime\":\"0.237\"}","timestamp":"2025-01-30T07:56:12.639Z"}
{"level":"\u001b[32minfo\u001b[39m","message":"{\"method\":\"GET\",\"url\":\"/api/auth/me\",\"status\":\"401\",\"responseTime\":\"0.249\"}","timestamp":"2025-01-30T07:56:14.251Z"}
{"level":"\u001b[32minfo\u001b[39m","message":"{\"method\":\"GET\",\"url\":\"/api/auth/me\",\"status\":\"401\",\"responseTime\":\"0.282\"}","timestamp":"2025-01-30T07:56:16.800Z"}
{"level":"\u001b[32minfo\u001b[39m","message":"{\"method\":\"GET\",\"url\":\"/api/auth/me\",\"status\":\"401\",\"responseTime\":\"0.252\"}","timestamp":"2025-01-30T07:56:18.623Z"}
{"level":"\u001b[32minfo\u001b[39m","message":"{\"method\":\"GET\",\"url\":\"/api/auth/me\",\"status\":\"401\",\"responseTime\":\"0.244\"}","timestamp":"2025-01-30T07:56:20.352Z"}
{"level":"\u001b[32minfo\u001b[39m","message":"{\"method\":\"GET\",\"url\":\"/api/auth/me\",\"status\":\"401\",\"responseTime\":\"0.261\"}","timestamp":"2025-01-30T07:56:22.366Z"}
{"level":"\u001b[32minfo\u001b[39m","message":"{\"method\":\"GET\",\"url\":\"/api/auth/me\",\"status\":\"401\",\"responseTime\":\"0.228\"}","timestamp":"2025-01-30T07:56:24.415Z"}
{"level":"\u001b[32minfo\u001b[39m","message":"{\"method\":\"GET\",\"url\":\"/api/auth/me\",\"status\":\"401\",\"responseTime\":\"0.434\"}","timestamp":"2025-01-30T07:56:26.082Z"}
{"level":"\u001b[32minfo\u001b[39m","message":"{\"method\":\"GET\",\"url\":\"/api/auth/me\",\"status\":\"401\",\"responseTime\":\"0.244\"}","timestamp":"2025-01-30T07:56:28.062Z"}
{"level":"\u001b[32minfo\u001b[39m","message":"{\"method\":\"GET\",\"url\":\"/api/auth/me\",\"status\":\"401\",\"responseTime\":\"0.239\"}","timestamp":"2025-01-30T07:56:29.632Z"}
{"level":"\u001b[32minfo\u001b[39m","message":"{\"method\":\"GET\",\"url\":\"/api/auth/me\",\"status\":\"401\",\"responseTime\":\"0.225\"}","timestamp":"2025-01-30T07:56:31.295Z"}
{"level":"\u001b[32minfo\u001b[39m","message":"{\"method\":\"GET\",\"url\":\"/api/auth/me\",\"status\":\"401\",\"responseTime\":\"0.231\"}","timestamp":"2025-01-30T07:56:32.906Z"}
{"level":"\u001b[32minfo\u001b[39m","message":"{\"method\":\"GET\",\"url\":\"/api/auth/me\",\"status\":\"401\",\"responseTime\":\"0.341\"}","timestamp":"2025-01-30T07:56:34.102Z"}
{"level":"\u001b[32minfo\u001b[39m","message":"{\"method\":\"GET\",\"url\":\"/api/auth/me\",\"status\":\"401\",\"responseTime\":\"0.444\"}","timestamp":"2025-01-30T07:56:34.841Z"}
{"level":"\u001b[32minfo\u001b[39m","message":"{\"method\":\"GET\",\"url\":\"/api/auth/me\",\"status\":\"401\",\"responseTime\":\"0.505\"}","timestamp":"2025-01-30T07:56:35.521Z"}
{"level":"\u001b[32minfo\u001b[39m","message":"{\"method\":\"GET\",\"url\":\"/api/auth/me\",\"status\":\"401\",\"responseTime\":\"0.353\"}","timestamp":"2025-01-30T07:56:36.210Z"}
{"level":"\u001b[32minfo\u001b[39m","message":"{\"method\":\"GET\",\"url\":\"/api/auth/me\",\"status\":\"401\",\"responseTime\":\"0.251\"}","timestamp":"2025-01-30T07:56:36.997Z"}
{"level":"\u001b[32minfo\u001b[39m","message":"{\"method\":\"GET\",\"url\":\"/api/auth/me\",\"status\":\"401\",\"responseTime\":\"0.467\"}","timestamp":"2025-01-30T07:56:37.748Z"}
{"level":"\u001b[32minfo\u001b[39m","message":"{\"method\":\"GET\",\"url\":\"/api/auth/me\",\"status\":\"401\",\"responseTime\":\"0.285\"}","timestamp":"2025-01-30T07:56:38.545Z"}
{"level":"\u001b[32minfo\u001b[39m","message":"{\"method\":\"GET\",\"url\":\"/api/auth/me\",\"status\":\"401\",\"responseTime\":\"0.319\"}","timestamp":"2025-01-30T07:56:39.321Z"}
{"level":"\u001b[32minfo\u001b[39m","message":"{\"method\":\"GET\",\"url\":\"/api/auth/me\",\"status\":\"401\",\"responseTime\":\"0.265\"}","timestamp":"2025-01-30T07:56:40.082Z"}
{"level":"\u001b[32minfo\u001b[39m","message":"{\"method\":\"GET\",\"url\":\"/api/auth/me\",\"status\":\"401\",\"responseTime\":\"0.304\"}","timestamp":"2025-01-30T07:56:40.836Z"}
{"level":"\u001b[32minfo\u001b[39m","message":"{\"method\":\"GET\",\"url\":\"/api/auth/me\",\"status\":\"401\",\"responseTime\":\"0.459\"}","timestamp":"2025-01-30T07:56:41.681Z"}
{"level":"\u001b[32minfo\u001b[39m","message":"{\"method\":\"GET\",\"url\":\"/api/auth/me\",\"status\":\"401\",\"responseTime\":\"0.347\"}","timestamp":"2025-01-30T07:56:42.393Z"}
{"level":"\u001b[32minfo\u001b[39m","message":"{\"method\":\"GET\",\"url\":\"/api/auth/me\",\"status\":\"401\",\"responseTime\":\"0.456\"}","timestamp":"2025-01-30T07:56:43.097Z"}
{"level":"\u001b[32minfo\u001b[39m","message":"{\"method\":\"GET\",\"url\":\"/api/auth/me\",\"status\":\"401\",\"responseTime\":\"0.538\"}","timestamp":"2025-01-30T07:56:45.456Z"}
{"level":"\u001b[32minfo\u001b[39m","message":"{\"method\":\"GET\",\"url\":\"/api/auth/me\",\"status\":\"401\",\"responseTime\":\"0.417\"}","timestamp":"2025-01-30T07:56:47.088Z"}
{"level":"\u001b[32minfo\u001b[39m","message":"{\"method\":\"GET\",\"url\":\"/api/auth/me\",\"status\":\"401\",\"responseTime\":\"0.503\"}","timestamp":"2025-01-30T07:56:48.184Z"}
{"level":"\u001b[32minfo\u001b[39m","message":"{\"method\":\"GET\",\"url\":\"/api/auth/me\",\"status\":\"401\",\"responseTime\":\"0.348\"}","timestamp":"2025-01-30T07:56:54.255Z"}
{"level":"\u001b[32minfo\u001b[39m","message":"{\"method\":\"GET\",\"url\":\"/api/auth/me\",\"status\":\"401\",\"responseTime\":\"0.826\"}","timestamp":"2025-01-30T07:58:30.374Z"}
{"level":"\u001b[32minfo\u001b[39m","message":"{\"method\":\"GET\",\"url\":\"/api/auth/me\",\"status\":\"401\",\"responseTime\":\"0.357\"}","timestamp":"2025-01-30T07:58:36.150Z"}
{"level":"\u001b[32minfo\u001b[39m","message":"{\"method\":\"GET\",\"url\":\"/api/auth/me\",\"status\":\"401\",\"responseTime\":\"0.362\"}","timestamp":"2025-01-30T07:58:45.356Z"}
{"level":"\u001b[32minfo\u001b[39m","message":"{\"method\":\"GET\",\"url\":\"/api/auth/me\",\"status\":\"401\",\"responseTime\":\"0.389\"}","timestamp":"2025-01-30T07:58:51.280Z"}
{"level":"\u001b[32minfo\u001b[39m","message":"{\"method\":\"POST\",\"url\":\"/api/auth/login\",\"status\":\"200\",\"responseTime\":\"137.559\"}","timestamp":"2025-01-30T07:59:04.796Z"}
{"level":"\u001b[32minfo\u001b[39m","message":"{\"method\":\"GET\",\"url\":\"/api/auth/me\",\"status\":\"304\",\"responseTime\":\"11.285\"}","timestamp":"2025-01-30T07:59:05.311Z"}
{"level":"\u001b[32minfo\u001b[39m","message":"{\"method\":\"GET\",\"url\":\"/api/auth/me\",\"status\":\"401\",\"responseTime\":\"0.504\"}","timestamp":"2025-01-30T07:59:28.460Z"}
{"level":"\u001b[32minfo\u001b[39m","message":"{\"method\":\"POST\",\"url\":\"/api/auth/refresh\",\"status\":\"200\",\"responseTime\":\"5.066\"}","timestamp":"2025-01-30T07:59:28.486Z"}
{"level":"\u001b[32minfo\u001b[39m","message":"{\"method\":\"GET\",\"url\":\"/api/auth/me\",\"status\":\"304\",\"responseTime\":\"7.083\"}","timestamp":"2025-01-30T07:59:28.514Z"}
{"level":"\u001b[32minfo\u001b[39m","message":"{\"method\":\"GET\",\"url\":\"/api/auth/me\",\"status\":\"304\",\"responseTime\":\"4.401\"}","timestamp":"2025-01-30T07:59:28.596Z"}
{"level":"\u001b[32minfo\u001b[39m","message":"{\"method\":\"GET\",\"url\":\"/api/auth/me\",\"status\":\"304\",\"responseTime\":\"5.596\"}","timestamp":"2025-01-30T07:59:36.472Z"}
{"level":"\u001b[32minfo\u001b[39m","message":"{\"method\":\"GET\",\"url\":\"/api/auth/me\",\"status\":\"401\",\"responseTime\":\"0.369\"}","timestamp":"2025-01-30T07:59:52.769Z"}
{"level":"\u001b[32minfo\u001b[39m","message":"{\"method\":\"POST\",\"url\":\"/api/auth/refresh\",\"status\":\"401\",\"responseTime\":\"2.192\"}","timestamp":"2025-01-30T07:59:52.809Z"}
{"level":"\u001b[32minfo\u001b[39m","message":"{\"method\":\"GET\",\"url\":\"/api/auth/me\",\"status\":\"401\",\"responseTime\":\"0.568\"}","timestamp":"2025-01-30T07:59:53.868Z"}
{"level":"\u001b[32minfo\u001b[39m","message":"{\"method\":\"GET\",\"url\":\"/api/auth/me\",\"status\":\"401\",\"responseTime\":\"0.312\"}","timestamp":"2025-01-30T08:00:12.425Z"}
